 **************************************************************************
 ************************ STARTING CAABA BOX MODEL ************************
 **************************************************************************

 **************************************************************************
 *** START caaba: INITIALISATION (caaba_read_nml)
 Reading namelist 'CAABA' from 'caaba.nml' (unit  999 ) ...
  ... OK !
 *** END   caaba: INITIALISATION (caaba_read_nml)
 **************************************************************************

 --------------------------------------------------------------------------
 Selected MESSy submodels:
   JVAL
   MECCA
   SAPPHO
   SEMIDEP
 --------------------------------------------------------------------------
 startday      =       80.0
 runtime       =        8.0 days
 time_step_len =     1200.0 s
 latitude      =       45.0 degree
 longitude     =        0.0 degree
 T             =      293.0 K
 p             =   101325.0 Pa
 relhum        =       81.0 %
 zmbl          =     1000.0 m
 c(air)        =  2.505E+19 mcl/cm3
 --------------------------------------------------------------------------
 l_skipkpp           =  F
 l_steady_state_stop =  F
 l_ff                =  F
 Ca_precip           =  0. (CaCO3 precipitation)
 --------------------------------------------------------------------------
 init_spec = empty
 NO EXTERNAL INPUT FOR CHEMICAL TRACER INITIALIZATION
 --------------------------------------------------------------------------
 PHOTOLYSIS RATE COEFFICIENTS ARE TAKEN FROM
 sappho
 --------------------------------------------------------------------------
 **************************************************************************
 *** START mecca: INITIALISATION (mecca_read_nml_ctrl)
 Reading namelist 'CTRL' from 'mecca.nml' (unit  999 ) ...
  ... OK !
 setting l_aero = REQ_AEROSOL
 mecca_aero   = AUTO
 REQ_AEROSOL  =  F
 l_aero       =  F
 l_force_khet =  F
 l_kpp_debug  =  F
 l_tag        =  F
 l_dbl        =  F
 *** END   mecca: INITIALISATION (mecca_read_nml_ctrl)
 **************************************************************************
 **************************************************************************
 *** START mecca: INITIALISATION (kpp_read_nml_ctrl)
 Reading namelist 'CTRL_KPP' from 'mecca.nml' (unit  999 ) ...
  ... OK !
 solver-specific method:      icntrl(3) =  2
 max. number of kpp-substeps: icntrl(4) =  0
 *** END   mecca: INITIALISATION (kpp_read_nml_ctrl)
 **************************************************************************
 --------------------------------------------------------------------------
 Initial gas-phase mixing ratios and concentrations:
 --------------------------------------------------------------------------
 NH3                               2.00E-10 mol/mol   =   5.01E+09 mcl/cm3
 CH4                               1.80E-06 mol/mol   =   4.51E+13 mcl/cm3
 H2O2                              6.00E-10 mol/mol   =   1.50E+10 mcl/cm3
 H2                                1.00E-06 mol/mol   =   2.50E+13 mcl/cm3
 CH3OH                             3.00E-10 mol/mol   =   7.51E+09 mcl/cm3
 CO                                7.00E-08 mol/mol   =   1.75E+12 mcl/cm3
 HNO3                              5.00E-12 mol/mol   =   1.25E+08 mcl/cm3
 H2O                               1.86E-02 mol/mol   =   4.65E+17 mcl/cm3
 HCHO                              3.00E-10 mol/mol   =   7.51E+09 mcl/cm3
 O3                                2.50E-08 mol/mol   =   6.26E+11 mcl/cm3
 NO2                               2.00E-11 mol/mol   =   5.01E+08 mcl/cm3
 O2                                2.10E-01 mol/mol   =   5.26E+18 mcl/cm3
 N2                                7.80E-01 mol/mol   =   1.95E+19 mcl/cm3
 CO2                               3.50E-04 mol/mol   =   8.77E+15 mcl/cm3
 --------------------------------------------------------------------------
 *** Info about MECCA and KPP:
 xmecca was run on 2009-07-22 at 18:37:49 by caaba
 -rw------- 1 caaba caaba 12702 2009-06-24 19:33 gas.spc (35348    13)
 -rw------- 1 caaba caaba 8371 2008-07-17 18:28 aqueous.spc (39581     9)
 -rw------- 1 caaba caaba 21451 2009-07-22 18:37 mecca.spc (09358    21)
 -rw------- 1 caaba caaba 46514 2009-07-08 13:01 gas.eqn (22540    46)
 -rw------- 1 caaba caaba 55063 2009-01-30 16:33 aqueous.eqn (54359    54)
 -rw-r--r-- 1 caaba caaba 22302 2009-07-22 18:37 mecca.eqn (55531    22)
 rplfile      = 
 wanted       = Tr && G && !C && !S && !Cl && !Br && !I && !Hg
 diagtracfile = 
 tagdbl       = n
 kppoption    = k
 KPP_HOME     = /home/caaba/caaba_2.5j-rs/mecca/kpp
 KPP_version  = 2.2.1_rs3
 integr       = rosenbrock_posdef
 **************************************************************************
 *** START jval: INITIALISATION (jval_read_nml_ctrl)
 Reading namelist 'CTRL' from 'jval.nml' (unit  999 ) ...
  ... OK !
 --------------------------------------------------------------------------
 METHOD                : constant
 CONSTANT              : 170.
 --------------------------------------------------------------------------
 --------------------------------------------------------------------------
 qy_CH3COCH3 =  1
 --------------------------------------------------------------------------
 *** END   jval: INITIALISATION (jval_read_nml_ctrl)
 **************************************************************************
 **************************************************************************
 Input/Output time unit and origin: seconds since 2000-01-01 00:00:00
 Start day  =   80.00000000  (=  6912000.00000000 s)
 End day    =   88.00000000  (=  7603200.00000000 s)
 runtime    =    8.00000000  (=   691200.00000000 s)
 **************************************************************************
 day =   80.0000                     (  0.00% done)
 day =   80.0139    sza = 135.00     (  0.17% done)
 day =   80.0278    sza = 134.78     (  0.35% done)
 day =   80.0417    sza = 134.12     (  0.52% done)
 day =   80.0556    sza = 133.06     (  0.69% done)
 day =   80.0694    sza = 131.62     (  0.87% done)
 day =   80.0833    sza = 129.83     (  1.04% done)
 day =   80.0972    sza = 127.73     (  1.22% done)
 day =   80.1111    sza = 125.36     (  1.39% done)
 day =   80.1250    sza = 122.76     (  1.56% done)
 day =   80.1389    sza = 119.96     (  1.74% done)
 day =   80.1528    sza = 116.99     (  1.91% done)
 day =   80.1667    sza = 113.88     (  2.08% done)
 day =   80.1806    sza = 110.65     (  2.26% done)
 day =   80.1944    sza = 107.33     (  2.43% done)
 day =   80.2083    sza = 103.94     (  2.60% done)
 day =   80.2222    sza = 100.48     (  2.78% done)
 day =   80.2361    sza =  96.99     (  2.95% done)
 day =   80.2500    sza =  93.47     (  3.12% done)
 day =   80.2639    sza =  89.93     (  3.30% done)
 day =   80.2778    sza =  86.39     (  3.47% done)
 day =   80.2917    sza =  82.87     (  3.65% done)
 day =   80.3056    sza =  79.37     (  3.82% done)
 day =   80.3194    sza =  75.91     (  3.99% done)
 day =   80.3333    sza =  72.52     (  4.17% done)
 day =   80.3472    sza =  69.19     (  4.34% done)
 day =   80.3611    sza =  65.96     (  4.51% done)
 day =   80.3750    sza =  62.85     (  4.69% done)
 day =   80.3889    sza =  59.88     (  4.86% done)
 day =   80.4028    sza =  57.07     (  5.03% done)
 day =   80.4167    sza =  54.46     (  5.21% done)
 day =   80.4306    sza =  52.09     (  5.38% done)
 day =   80.4444    sza =  49.98     (  5.56% done)
 day =   80.4583    sza =  48.19     (  5.73% done)
 day =   80.4722    sza =  46.74     (  5.90% done)
 day =   80.4861    sza =  45.68     (  6.08% done)
 day =   80.5000    sza =  45.02     (  6.25% done)
 day =   80.5139    sza =  44.80     (  6.42% done)
 day =   80.5278    sza =  45.01     (  6.60% done)
 day =   80.5417    sza =  45.65     (  6.77% done)
 day =   80.5556    sza =  46.71     (  6.94% done)
 day =   80.5694    sza =  48.15     (  7.12% done)
 day =   80.5833    sza =  49.93     (  7.29% done)
 day =   80.5972    sza =  52.03     (  7.47% done)
 day =   80.6111    sza =  54.39     (  7.64% done)
 day =   80.6250    sza =  57.00     (  7.81% done)
 day =   80.6389    sza =  59.79     (  7.99% done)
 day =   80.6528    sza =  62.76     (  8.16% done)
 day =   80.6667    sza =  65.87     (  8.33% done)
 day =   80.6806    sza =  69.09     (  8.51% done)
 day =   80.6944    sza =  72.41     (  8.68% done)
 day =   80.7083    sza =  75.80     (  8.85% done)
 day =   80.7222    sza =  79.25     (  9.03% done)
 day =   80.7361    sza =  82.74     (  9.20% done)
 day =   80.7500    sza =  86.26     (  9.38% done)
 day =   80.7639    sza =  89.79     (  9.55% done)
 day =   80.7778    sza =  93.32     (  9.72% done)
 day =   80.7917    sza =  96.83     (  9.90% done)
 day =   80.8056    sza = 100.32     ( 10.07% done)
 day =   80.8194    sza = 103.76     ( 10.24% done)
 day =   80.8333    sza = 107.14     ( 10.42% done)
 day =   80.8472    sza = 110.45     ( 10.59% done)
 day =   80.8611    sza = 113.66     ( 10.76% done)
 day =   80.8750    sza = 116.76     ( 10.94% done)
 day =   80.8889    sza = 119.71     ( 11.11% done)
 day =   80.9028    sza = 122.50     ( 11.28% done)
 day =   80.9167    sza = 125.08     ( 11.46% done)
 day =   80.9306    sza = 127.43     ( 11.63% done)
 day =   80.9444    sza = 129.51     ( 11.81% done)
 day =   80.9583    sza = 131.28     ( 11.98% done)
 day =   80.9722    sza = 132.71     ( 12.15% done)
 day =   80.9861    sza = 133.75     ( 12.33% done)
 day =   81.0000    sza = 134.39     ( 12.50% done)
 day =   81.0139    sza = 134.60     ( 12.67% done)
 day =   81.0278    sza = 134.38     ( 12.85% done)
 day =   81.0417    sza = 133.73     ( 13.02% done)
 day =   81.0556    sza = 132.67     ( 13.19% done)
 day =   81.0694    sza = 131.24     ( 13.37% done)
 day =   81.0833    sza = 129.46     ( 13.54% done)
 day =   81.0972    sza = 127.37     ( 13.72% done)
 day =   81.1111    sza = 125.01     ( 13.89% done)
 day =   81.1250    sza = 122.42     ( 14.06% done)
 day =   81.1389    sza = 119.63     ( 14.24% done)
 day =   81.1528    sza = 116.67     ( 14.41% done)
 day =   81.1667    sza = 113.57     ( 14.58% done)
 day =   81.1806    sza = 110.35     ( 14.76% done)
 day =   81.1944    sza = 107.03     ( 14.93% done)
 day =   81.2083    sza = 103.64     ( 15.10% done)
 day =   81.2222    sza = 100.19     ( 15.28% done)
 day =   81.2361    sza =  96.70     ( 15.45% done)
 day =   81.2500    sza =  93.18     ( 15.62% done)
 day =   81.2639    sza =  89.64     ( 15.80% done)
 day =   81.2778    sza =  86.11     ( 15.97% done)
 day =   81.2917    sza =  82.58     ( 16.15% done)
 day =   81.3056    sza =  79.08     ( 16.32% done)
 day =   81.3194    sza =  75.62     ( 16.49% done)
 day =   81.3333    sza =  72.22     ( 16.67% done)
 day =   81.3472    sza =  68.89     ( 16.84% done)
 day =   81.3611    sza =  65.65     ( 17.01% done)
 day =   81.3750    sza =  62.53     ( 17.19% done)
 day =   81.3889    sza =  59.55     ( 17.36% done)
 day =   81.4028    sza =  56.73     ( 17.53% done)
 day =   81.4167    sza =  54.11     ( 17.71% done)
 day =   81.4306    sza =  51.73     ( 17.88% done)
 day =   81.4444    sza =  49.61     ( 18.06% done)
 day =   81.4583    sza =  47.81     ( 18.23% done)
 day =   81.4722    sza =  46.35     ( 18.40% done)
 day =   81.4861    sza =  45.28     ( 18.58% done)
 day =   81.5000    sza =  44.62     ( 18.75% done)
 day =   81.5139    sza =  44.40     ( 18.92% done)
 day =   81.5278    sza =  44.61     ( 19.10% done)
 day =   81.5417    sza =  45.26     ( 19.27% done)
 day =   81.5556    sza =  46.32     ( 19.44% done)
 day =   81.5694    sza =  47.77     ( 19.62% done)
 day =   81.5833    sza =  49.56     ( 19.79% done)
 day =   81.5972    sza =  51.67     ( 19.97% done)
 day =   81.6111    sza =  54.05     ( 20.14% done)
 day =   81.6250    sza =  56.66     ( 20.31% done)
 day =   81.6389    sza =  59.47     ( 20.49% done)
 day =   81.6528    sza =  62.44     ( 20.66% done)
 day =   81.6667    sza =  65.56     ( 20.83% done)
 day =   81.6806    sza =  68.79     ( 21.01% done)
 day =   81.6944    sza =  72.11     ( 21.18% done)
 day =   81.7083    sza =  75.51     ( 21.35% done)
 day =   81.7222    sza =  78.96     ( 21.53% done)
 day =   81.7361    sza =  82.45     ( 21.70% done)
 day =   81.7500    sza =  85.97     ( 21.88% done)
 day =   81.7639    sza =  89.50     ( 22.05% done)
 day =   81.7778    sza =  93.03     ( 22.22% done)
 day =   81.7917    sza =  96.54     ( 22.40% done)
 day =   81.8056    sza = 100.03     ( 22.57% done)
 day =   81.8194    sza = 103.46     ( 22.74% done)
 day =   81.8333    sza = 106.84     ( 22.92% done)
 day =   81.8472    sza = 110.15     ( 23.09% done)
 day =   81.8611    sza = 113.35     ( 23.26% done)
 day =   81.8750    sza = 116.44     ( 23.44% done)
 day =   81.8889    sza = 119.38     ( 23.61% done)
 day =   81.9028    sza = 122.16     ( 23.78% done)
 day =   81.9167    sza = 124.73     ( 23.96% done)
 day =   81.9306    sza = 127.07     ( 24.13% done)
 day =   81.9444    sza = 129.14     ( 24.31% done)
 day =   81.9583    sza = 130.90     ( 24.48% done)
 day =   81.9722    sza = 132.31     ( 24.65% done)
 day =   81.9861    sza = 133.35     ( 24.83% done)
 day =   82.0000    sza = 133.98     ( 25.00% done)
 day =   82.0139    sza = 134.19     ( 25.17% done)
 day =   82.0278    sza = 133.97     ( 25.35% done)
 day =   82.0417    sza = 133.33     ( 25.52% done)
 day =   82.0556    sza = 132.28     ( 25.69% done)
 day =   82.0694    sza = 130.86     ( 25.87% done)
 day =   82.0833    sza = 129.09     ( 26.04% done)
 day =   82.0972    sza = 127.01     ( 26.22% done)
 day =   82.1111    sza = 124.66     ( 26.39% done)
 day =   82.1250    sza = 122.08     ( 26.56% done)
 day =   82.1389    sza = 119.30     ( 26.74% done)
 day =   82.1528    sza = 116.35     ( 26.91% done)
 day =   82.1667    sza = 113.25     ( 27.08% done)
 day =   82.1806    sza = 110.04     ( 27.26% done)
 day =   82.1944    sza = 106.74     ( 27.43% done)
 day =   82.2083    sza = 103.35     ( 27.60% done)
 day =   82.2222    sza =  99.90     ( 27.78% done)
 day =   82.2361    sza =  96.41     ( 27.95% done)
 day =   82.2500    sza =  92.89     ( 28.12% done)
 day =   82.2639    sza =  89.36     ( 28.30% done)
 day =   82.2778    sza =  85.82     ( 28.47% done)
 day =   82.2917    sza =  82.29     ( 28.65% done)
 day =   82.3056    sza =  78.79     ( 28.82% done)
 day =   82.3194    sza =  75.33     ( 28.99% done)
 day =   82.3333    sza =  71.92     ( 29.17% done)
 day =   82.3472    sza =  68.59     ( 29.34% done)
 day =   82.3611    sza =  65.34     ( 29.51% done)
 day =   82.3750    sza =  62.21     ( 29.69% done)
 day =   82.3889    sza =  59.22     ( 29.86% done)
 day =   82.4028    sza =  56.39     ( 30.03% done)
 day =   82.4167    sza =  53.76     ( 30.21% done)
 day =   82.4306    sza =  51.37     ( 30.38% done)
 day =   82.4444    sza =  49.24     ( 30.56% done)
 day =   82.4583    sza =  47.43     ( 30.73% done)
 day =   82.4722    sza =  45.96     ( 30.90% done)
 day =   82.4861    sza =  44.88     ( 31.08% done)
 day =   82.5000    sza =  44.22     ( 31.25% done)
 day =   82.5139    sza =  43.99     ( 31.42% done)
 day =   82.5278    sza =  44.21     ( 31.60% done)
 day =   82.5417    sza =  44.86     ( 31.77% done)
 day =   82.5556    sza =  45.93     ( 31.94% done)
 day =   82.5694    sza =  47.38     ( 32.12% done)
 day =   82.5833    sza =  49.19     ( 32.29% done)
 day =   82.5972    sza =  51.31     ( 32.47% done)
 day =   82.6111    sza =  53.70     ( 32.64% done)
 day =   82.6250    sza =  56.32     ( 32.81% done)
 day =   82.6389    sza =  59.14     ( 32.99% done)
 day =   82.6528    sza =  62.12     ( 33.16% done)
 day =   82.6667    sza =  65.25     ( 33.33% done)
 day =   82.6806    sza =  68.48     ( 33.51% done)
 day =   82.6944    sza =  71.81     ( 33.68% done)
 day =   82.7083    sza =  75.21     ( 33.85% done)
 day =   82.7222    sza =  78.67     ( 34.03% done)
 day =   82.7361    sza =  82.17     ( 34.20% done)
 day =   82.7500    sza =  85.69     ( 34.38% done)
 day =   82.7639    sza =  89.22     ( 34.55% done)
 day =   82.7778    sza =  92.74     ( 34.72% done)
 day =   82.7917    sza =  96.25     ( 34.90% done)
 day =   82.8056    sza =  99.73     ( 35.07% done)
 day =   82.8194    sza = 103.17     ( 35.24% done)
 day =   82.8333    sza = 106.54     ( 35.42% done)
 day =   82.8472    sza = 109.84     ( 35.59% done)
 day =   82.8611    sza = 113.04     ( 35.76% done)
 day =   82.8750    sza = 116.12     ( 35.94% done)
 day =   82.8889    sza = 119.05     ( 36.11% done)
 day =   82.9028    sza = 121.82     ( 36.28% done)
 day =   82.9167    sza = 124.38     ( 36.46% done)
 day =   82.9306    sza = 126.71     ( 36.63% done)
 day =   82.9444    sza = 128.77     ( 36.81% done)
 day =   82.9583    sza = 130.52     ( 36.98% done)
 day =   82.9722    sza = 131.92     ( 37.15% done)
 day =   82.9861    sza = 132.96     ( 37.33% done)
 day =   83.0000    sza = 133.58     ( 37.50% done)
 day =   83.0139    sza = 133.79     ( 37.67% done)
 day =   83.0278    sza = 133.57     ( 37.85% done)
 day =   83.0417    sza = 132.93     ( 38.02% done)
 day =   83.0556    sza = 131.89     ( 38.19% done)
 day =   83.0694    sza = 130.47     ( 38.37% done)
 day =   83.0833    sza = 128.71     ( 38.54% done)
 day =   83.0972    sza = 126.65     ( 38.72% done)
 day =   83.1111    sza = 124.31     ( 38.89% done)
 day =   83.1250    sza = 121.74     ( 39.06% done)
 day =   83.1389    sza = 118.97     ( 39.24% done)
 day =   83.1528    sza = 116.03     ( 39.41% done)
 day =   83.1667    sza = 112.94     ( 39.58% done)
 day =   83.1806    sza = 109.74     ( 39.76% done)
 day =   83.1944    sza = 106.44     ( 39.93% done)
 day =   83.2083    sza = 103.06     ( 40.10% done)
 day =   83.2222    sza =  99.61     ( 40.28% done)
 day =   83.2361    sza =  96.13     ( 40.45% done)
 day =   83.2500    sza =  92.61     ( 40.62% done)
 day =   83.2639    sza =  89.07     ( 40.80% done)
 day =   83.2778    sza =  85.54     ( 40.97% done)
 day =   83.2917    sza =  82.01     ( 41.15% done)
 day =   83.3056    sza =  78.50     ( 41.32% done)
 day =   83.3194    sza =  75.04     ( 41.49% done)
 day =   83.3333    sza =  71.62     ( 41.67% done)
 day =   83.3472    sza =  68.28     ( 41.84% done)
 day =   83.3611    sza =  65.03     ( 42.01% done)
 day =   83.3750    sza =  61.89     ( 42.19% done)
 day =   83.3889    sza =  58.89     ( 42.36% done)
 day =   83.4028    sza =  56.06     ( 42.53% done)
 day =   83.4167    sza =  53.42     ( 42.71% done)
 day =   83.4306    sza =  51.01     ( 42.88% done)
 day =   83.4444    sza =  48.87     ( 43.06% done)
 day =   83.4583    sza =  47.05     ( 43.23% done)
 day =   83.4722    sza =  45.57     ( 43.40% done)
 day =   83.4861    sza =  44.49     ( 43.58% done)
 day =   83.5000    sza =  43.82     ( 43.75% done)
 day =   83.5139    sza =  43.59     ( 43.92% done)
 day =   83.5278    sza =  43.81     ( 44.10% done)
 day =   83.5417    sza =  44.46     ( 44.27% done)
 day =   83.5556    sza =  45.54     ( 44.44% done)
 day =   83.5694    sza =  47.00     ( 44.62% done)
 day =   83.5833    sza =  48.82     ( 44.79% done)
 day =   83.5972    sza =  50.95     ( 44.97% done)
 day =   83.6111    sza =  53.35     ( 45.14% done)
 day =   83.6250    sza =  55.98     ( 45.31% done)
 day =   83.6389    sza =  58.81     ( 45.49% done)
 day =   83.6528    sza =  61.81     ( 45.66% done)
 day =   83.6667    sza =  64.94     ( 45.83% done)
 day =   83.6806    sza =  68.18     ( 46.01% done)
 day =   83.6944    sza =  71.52     ( 46.18% done)
 day =   83.7083    sza =  74.92     ( 46.35% done)
 day =   83.7222    sza =  78.38     ( 46.53% done)
 day =   83.7361    sza =  81.88     ( 46.70% done)
 day =   83.7500    sza =  85.40     ( 46.88% done)
 day =   83.7639    sza =  88.93     ( 47.05% done)
 day =   83.7778    sza =  92.46     ( 47.22% done)
 day =   83.7917    sza =  95.97     ( 47.40% done)
 day =   83.8056    sza =  99.44     ( 47.57% done)
 day =   83.8194    sza = 102.88     ( 47.74% done)
 day =   83.8333    sza = 106.24     ( 47.92% done)
 day =   83.8472    sza = 109.53     ( 48.09% done)
 day =   83.8611    sza = 112.72     ( 48.26% done)
 day =   83.8750    sza = 115.80     ( 48.44% done)
 day =   83.8889    sza = 118.72     ( 48.61% done)
 day =   83.9028    sza = 121.48     ( 48.78% done)
 day =   83.9167    sza = 124.03     ( 48.96% done)
 day =   83.9306    sza = 126.35     ( 49.13% done)
 day =   83.9444    sza = 128.39     ( 49.31% done)
 day =   83.9583    sza = 130.14     ( 49.48% done)
 day =   83.9722    sza = 131.53     ( 49.65% done)
 day =   83.9861    sza = 132.56     ( 49.83% done)
 day =   84.0000    sza = 133.18     ( 50.00% done)
 day =   84.0139    sza = 133.39     ( 50.17% done)
 day =   84.0278    sza = 133.17     ( 50.35% done)
 day =   84.0417    sza = 132.54     ( 50.52% done)
 day =   84.0556    sza = 131.50     ( 50.69% done)
 day =   84.0694    sza = 130.09     ( 50.87% done)
 day =   84.0833    sza = 128.34     ( 51.04% done)
 day =   84.0972    sza = 126.29     ( 51.22% done)
 day =   84.1111    sza = 123.96     ( 51.39% done)
 day =   84.1250    sza = 121.40     ( 51.56% done)
 day =   84.1389    sza = 118.64     ( 51.74% done)
 day =   84.1528    sza = 115.71     ( 51.91% done)
 day =   84.1667    sza = 112.63     ( 52.08% done)
 day =   84.1806    sza = 109.43     ( 52.26% done)
 day =   84.1944    sza = 106.14     ( 52.43% done)
 day =   84.2083    sza = 102.76     ( 52.60% done)
 day =   84.2222    sza =  99.32     ( 52.78% done)
 day =   84.2361    sza =  95.84     ( 52.95% done)
 day =   84.2500    sza =  92.32     ( 53.12% done)
 day =   84.2639    sza =  88.79     ( 53.30% done)
 day =   84.2778    sza =  85.25     ( 53.47% done)
 day =   84.2917    sza =  81.72     ( 53.65% done)
 day =   84.3056    sza =  78.21     ( 53.82% done)
 day =   84.3194    sza =  74.74     ( 53.99% done)
 day =   84.3333    sza =  71.33     ( 54.17% done)
 day =   84.3472    sza =  67.98     ( 54.34% done)
 day =   84.3611    sza =  64.72     ( 54.51% done)
 day =   84.3750    sza =  61.58     ( 54.69% done)
 day =   84.3889    sza =  58.57     ( 54.86% done)
 day =   84.4028    sza =  55.72     ( 55.03% done)
 day =   84.4167    sza =  53.07     ( 55.21% done)
 day =   84.4306    sza =  50.65     ( 55.38% done)
 day =   84.4444    sza =  48.50     ( 55.56% done)
 day =   84.4583    sza =  46.67     ( 55.73% done)
 day =   84.4722    sza =  45.18     ( 55.90% done)
 day =   84.4861    sza =  44.09     ( 56.08% done)
 day =   84.5000    sza =  43.42     ( 56.25% done)
 day =   84.5139    sza =  43.19     ( 56.42% done)
 day =   84.5278    sza =  43.41     ( 56.60% done)
 day =   84.5417    sza =  44.07     ( 56.77% done)
 day =   84.5556    sza =  45.15     ( 56.94% done)
 day =   84.5694    sza =  46.63     ( 57.12% done)
 day =   84.5833    sza =  48.45     ( 57.29% done)
 day =   84.5972    sza =  50.59     ( 57.47% done)
 day =   84.6111    sza =  53.00     ( 57.64% done)
 day =   84.6250    sza =  55.65     ( 57.81% done)
 day =   84.6389    sza =  58.48     ( 57.99% done)
 day =   84.6528    sza =  61.49     ( 58.16% done)
 day =   84.6667    sza =  64.63     ( 58.33% done)
 day =   84.6806    sza =  67.88     ( 58.51% done)
 day =   84.6944    sza =  71.22     ( 58.68% done)
 day =   84.7083    sza =  74.63     ( 58.85% done)
 day =   84.7222    sza =  78.09     ( 59.03% done)
 day =   84.7361    sza =  81.59     ( 59.20% done)
 day =   84.7500    sza =  85.12     ( 59.38% done)
 day =   84.7639    sza =  88.65     ( 59.55% done)
 day =   84.7778    sza =  92.17     ( 59.72% done)
 day =   84.7917    sza =  95.68     ( 59.90% done)
 day =   84.8056    sza =  99.15     ( 60.07% done)
 day =   84.8194    sza = 102.58     ( 60.24% done)
 day =   84.8333    sza = 105.94     ( 60.42% done)
 day =   84.8472    sza = 109.23     ( 60.59% done)
 day =   84.8611    sza = 112.41     ( 60.76% done)
 day =   84.8750    sza = 115.47     ( 60.94% done)
 day =   84.8889    sza = 118.39     ( 61.11% done)
 day =   84.9028    sza = 121.14     ( 61.28% done)
 day =   84.9167    sza = 123.68     ( 61.46% done)
 day =   84.9306    sza = 125.98     ( 61.63% done)
 day =   84.9444    sza = 128.02     ( 61.81% done)
 day =   84.9583    sza = 129.75     ( 61.98% done)
 day =   84.9722    sza = 131.14     ( 62.15% done)
 day =   84.9861    sza = 132.16     ( 62.33% done)
 day =   85.0000    sza = 132.78     ( 62.50% done)
 day =   85.0139    sza = 132.99     ( 62.67% done)
 day =   85.0278    sza = 132.77     ( 62.85% done)
 day =   85.0417    sza = 132.14     ( 63.02% done)
 day =   85.0556    sza = 131.11     ( 63.19% done)
 day =   85.0694    sza = 129.71     ( 63.37% done)
 day =   85.0833    sza = 127.97     ( 63.54% done)
 day =   85.0972    sza = 125.92     ( 63.72% done)
 day =   85.1111    sza = 123.61     ( 63.89% done)
 day =   85.1250    sza = 121.06     ( 64.06% done)
 day =   85.1389    sza = 118.31     ( 64.24% done)
 day =   85.1528    sza = 115.38     ( 64.41% done)
 day =   85.1667    sza = 112.32     ( 64.58% done)
 day =   85.1806    sza = 109.13     ( 64.76% done)
 day =   85.1944    sza = 105.84     ( 64.93% done)
 day =   85.2083    sza = 102.47     ( 65.10% done)
 day =   85.2222    sza =  99.03     ( 65.28% done)
 day =   85.2361    sza =  95.55     ( 65.45% done)
 day =   85.2500    sza =  92.04     ( 65.62% done)
 day =   85.2639    sza =  88.51     ( 65.80% done)
 day =   85.2778    sza =  84.97     ( 65.97% done)
 day =   85.2917    sza =  81.44     ( 66.15% done)
 day =   85.3056    sza =  77.93     ( 66.32% done)
 day =   85.3194    sza =  74.45     ( 66.49% done)
 day =   85.3333    sza =  71.03     ( 66.67% done)
 day =   85.3472    sza =  67.68     ( 66.84% done)
 day =   85.3611    sza =  64.41     ( 67.01% done)
 day =   85.3750    sza =  61.26     ( 67.19% done)
 day =   85.3889    sza =  58.24     ( 67.36% done)
 day =   85.4028    sza =  55.38     ( 67.53% done)
 day =   85.4167    sza =  52.72     ( 67.71% done)
 day =   85.4306    sza =  50.29     ( 67.88% done)
 day =   85.4444    sza =  48.14     ( 68.06% done)
 day =   85.4583    sza =  46.29     ( 68.23% done)
 day =   85.4722    sza =  44.80     ( 68.40% done)
 day =   85.4861    sza =  43.69     ( 68.58% done)
 day =   85.5000    sza =  43.02     ( 68.75% done)
 day =   85.5139    sza =  42.79     ( 68.92% done)
 day =   85.5278    sza =  43.01     ( 69.10% done)
 day =   85.5417    sza =  43.67     ( 69.27% done)
 day =   85.5556    sza =  44.76     ( 69.44% done)
 day =   85.5694    sza =  46.25     ( 69.62% done)
 day =   85.5833    sza =  48.08     ( 69.79% done)
 day =   85.5972    sza =  50.24     ( 69.97% done)
 day =   85.6111    sza =  52.66     ( 70.14% done)
 day =   85.6250    sza =  55.31     ( 70.31% done)
 day =   85.6389    sza =  58.16     ( 70.49% done)
 day =   85.6528    sza =  61.17     ( 70.66% done)
 day =   85.6667    sza =  64.32     ( 70.83% done)
 day =   85.6806    sza =  67.58     ( 71.01% done)
 day =   85.6944    sza =  70.92     ( 71.18% done)
 day =   85.7083    sza =  74.34     ( 71.35% done)
 day =   85.7222    sza =  77.81     ( 71.53% done)
 day =   85.7361    sza =  81.31     ( 71.70% done)
 day =   85.7500    sza =  84.83     ( 71.88% done)
 day =   85.7639    sza =  88.36     ( 72.05% done)
 day =   85.7778    sza =  91.89     ( 72.22% done)
 day =   85.7917    sza =  95.39     ( 72.40% done)
 day =   85.8056    sza =  98.86     ( 72.57% done)
 day =   85.8194    sza = 102.29     ( 72.74% done)
 day =   85.8333    sza = 105.65     ( 72.92% done)
 day =   85.8472    sza = 108.92     ( 73.09% done)
 day =   85.8611    sza = 112.10     ( 73.26% done)
 day =   85.8750    sza = 115.15     ( 73.44% done)
 day =   85.8889    sza = 118.06     ( 73.61% done)
 day =   85.9028    sza = 120.79     ( 73.78% done)
 day =   85.9167    sza = 123.33     ( 73.96% done)
 day =   85.9306    sza = 125.62     ( 74.13% done)
 day =   85.9444    sza = 127.65     ( 74.31% done)
 day =   85.9583    sza = 129.37     ( 74.48% done)
 day =   85.9722    sza = 130.75     ( 74.65% done)
 day =   85.9861    sza = 131.77     ( 74.83% done)
 day =   86.0000    sza = 132.38     ( 75.00% done)
 day =   86.0139    sza = 132.58     ( 75.17% done)
 day =   86.0278    sza = 132.37     ( 75.35% done)
 day =   86.0417    sza = 131.74     ( 75.52% done)
 day =   86.0556    sza = 130.72     ( 75.69% done)
 day =   86.0694    sza = 129.33     ( 75.87% done)
 day =   86.0833    sza = 127.60     ( 76.04% done)
 day =   86.0972    sza = 125.56     ( 76.22% done)
 day =   86.1111    sza = 123.26     ( 76.39% done)
 day =   86.1250    sza = 120.72     ( 76.56% done)
 day =   86.1389    sza = 117.98     ( 76.74% done)
 day =   86.1528    sza = 115.06     ( 76.91% done)
 day =   86.1667    sza = 112.00     ( 77.08% done)
 day =   86.1806    sza = 108.82     ( 77.26% done)
 day =   86.1944    sza = 105.54     ( 77.43% done)
 day =   86.2083    sza = 102.17     ( 77.60% done)
 day =   86.2222    sza =  98.74     ( 77.78% done)
 day =   86.2361    sza =  95.27     ( 77.95% done)
 day =   86.2500    sza =  91.75     ( 78.12% done)
 day =   86.2639    sza =  88.22     ( 78.30% done)
 day =   86.2778    sza =  84.68     ( 78.47% done)
 day =   86.2917    sza =  81.15     ( 78.65% done)
 day =   86.3056    sza =  77.64     ( 78.82% done)
 day =   86.3194    sza =  74.16     ( 78.99% done)
 day =   86.3333    sza =  70.74     ( 79.17% done)
 day =   86.3472    sza =  67.38     ( 79.34% done)
 day =   86.3611    sza =  64.11     ( 79.51% done)
 day =   86.3750    sza =  60.95     ( 79.69% done)
 day =   86.3889    sza =  57.92     ( 79.86% done)
 day =   86.4028    sza =  55.05     ( 80.03% done)
 day =   86.4167    sza =  52.38     ( 80.21% done)
 day =   86.4306    sza =  49.94     ( 80.38% done)
 day =   86.4444    sza =  47.77     ( 80.56% done)
 day =   86.4583    sza =  45.91     ( 80.73% done)
 day =   86.4722    sza =  44.41     ( 80.90% done)
 day =   86.4861    sza =  43.30     ( 81.08% done)
 day =   86.5000    sza =  42.62     ( 81.25% done)
 day =   86.5139    sza =  42.38     ( 81.42% done)
 day =   86.5278    sza =  42.61     ( 81.60% done)
 day =   86.5417    sza =  43.28     ( 81.77% done)
 day =   86.5556    sza =  44.38     ( 81.94% done)
 day =   86.5694    sza =  45.87     ( 82.12% done)
 day =   86.5833    sza =  47.72     ( 82.29% done)
 day =   86.5972    sza =  49.88     ( 82.47% done)
 day =   86.6111    sza =  52.31     ( 82.64% done)
 day =   86.6250    sza =  54.98     ( 82.81% done)
 day =   86.6389    sza =  57.84     ( 82.99% done)
 day =   86.6528    sza =  60.86     ( 83.16% done)
 day =   86.6667    sza =  64.01     ( 83.33% done)
 day =   86.6806    sza =  67.28     ( 83.51% done)
 day =   86.6944    sza =  70.63     ( 83.68% done)
 day =   86.7083    sza =  74.05     ( 83.85% done)
 day =   86.7222    sza =  77.52     ( 84.03% done)
 day =   86.7361    sza =  81.02     ( 84.20% done)
 day =   86.7500    sza =  84.55     ( 84.38% done)
 day =   86.7639    sza =  88.08     ( 84.55% done)
 day =   86.7778    sza =  91.60     ( 84.72% done)
 day =   86.7917    sza =  95.11     ( 84.90% done)
 day =   86.8056    sza =  98.57     ( 85.07% done)
 day =   86.8194    sza = 101.99     ( 85.24% done)
 day =   86.8333    sza = 105.35     ( 85.42% done)
 day =   86.8472    sza = 108.62     ( 85.59% done)
 day =   86.8611    sza = 111.79     ( 85.76% done)
 day =   86.8750    sza = 114.83     ( 85.94% done)
 day =   86.8889    sza = 117.73     ( 86.11% done)
 day =   86.9028    sza = 120.45     ( 86.28% done)
 day =   86.9167    sza = 122.98     ( 86.46% done)
 day =   86.9306    sza = 125.26     ( 86.63% done)
 day =   86.9444    sza = 127.28     ( 86.81% done)
 day =   86.9583    sza = 128.99     ( 86.98% done)
 day =   86.9722    sza = 130.37     ( 87.15% done)
 day =   86.9861    sza = 131.37     ( 87.33% done)
 day =   87.0000    sza = 131.98     ( 87.50% done)
 day =   87.0139    sza = 132.18     ( 87.67% done)
 day =   87.0278    sza = 131.97     ( 87.85% done)
 day =   87.0417    sza = 131.35     ( 88.02% done)
 day =   87.0556    sza = 130.33     ( 88.19% done)
 day =   87.0694    sza = 128.95     ( 88.37% done)
 day =   87.0833    sza = 127.23     ( 88.54% done)
 day =   87.0972    sza = 125.20     ( 88.72% done)
 day =   87.1111    sza = 122.91     ( 88.89% done)
 day =   87.1250    sza = 120.38     ( 89.06% done)
 day =   87.1389    sza = 117.65     ( 89.24% done)
 day =   87.1528    sza = 114.74     ( 89.41% done)
 day =   87.1667    sza = 111.69     ( 89.58% done)
 day =   87.1806    sza = 108.51     ( 89.76% done)
 day =   87.1944    sza = 105.24     ( 89.93% done)
 day =   87.2083    sza = 101.88     ( 90.10% done)
 day =   87.2222    sza =  98.45     ( 90.28% done)
 day =   87.2361    sza =  94.98     ( 90.45% done)
 day =   87.2500    sza =  91.47     ( 90.62% done)
 day =   87.2639    sza =  87.94     ( 90.80% done)
 day =   87.2778    sza =  84.40     ( 90.97% done)
 day =   87.2917    sza =  80.87     ( 91.15% done)
 day =   87.3056    sza =  77.35     ( 91.32% done)
 day =   87.3194    sza =  73.87     ( 91.49% done)
 day =   87.3333    sza =  70.44     ( 91.67% done)
 day =   87.3472    sza =  67.08     ( 91.84% done)
 day =   87.3611    sza =  63.80     ( 92.01% done)
 day =   87.3750    sza =  60.63     ( 92.19% done)
 day =   87.3889    sza =  57.59     ( 92.36% done)
 day =   87.4028    sza =  54.72     ( 92.53% done)
 day =   87.4167    sza =  52.04     ( 92.71% done)
 day =   87.4306    sza =  49.58     ( 92.88% done)
 day =   87.4444    sza =  47.40     ( 93.06% done)
 day =   87.4583    sza =  45.53     ( 93.23% done)
 day =   87.4722    sza =  44.02     ( 93.40% done)
 day =   87.4861    sza =  42.91     ( 93.58% done)
 day =   87.5000    sza =  42.22     ( 93.75% done)
 day =   87.5139    sza =  41.98     ( 93.92% done)
 day =   87.5278    sza =  42.21     ( 94.10% done)
 day =   87.5417    sza =  42.88     ( 94.27% done)
 day =   87.5556    sza =  43.99     ( 94.44% done)
 day =   87.5694    sza =  45.49     ( 94.62% done)
 day =   87.5833    sza =  47.35     ( 94.79% done)
 day =   87.5972    sza =  49.52     ( 94.97% done)
 day =   87.6111    sza =  51.97     ( 95.14% done)
 day =   87.6250    sza =  54.64     ( 95.31% done)
 day =   87.6389    sza =  57.51     ( 95.49% done)
 day =   87.6528    sza =  60.54     ( 95.66% done)
 day =   87.6667    sza =  63.71     ( 95.83% done)
 day =   87.6806    sza =  66.98     ( 96.01% done)
 day =   87.6944    sza =  70.34     ( 96.18% done)
 day =   87.7083    sza =  73.76     ( 96.35% done)
 day =   87.7222    sza =  77.23     ( 96.53% done)
 day =   87.7361    sza =  80.74     ( 96.70% done)
 day =   87.7500    sza =  84.27     ( 96.88% done)
 day =   87.7639    sza =  87.80     ( 97.05% done)
 day =   87.7778    sza =  91.32     ( 97.22% done)
 day =   87.7917    sza =  94.82     ( 97.40% done)
 day =   87.8056    sza =  98.29     ( 97.57% done)
 day =   87.8194    sza = 101.70     ( 97.74% done)
 day =   87.8333    sza = 105.05     ( 97.92% done)
 day =   87.8472    sza = 108.31     ( 98.09% done)
 day =   87.8611    sza = 111.47     ( 98.26% done)
 day =   87.8750    sza = 114.51     ( 98.44% done)
 day =   87.8889    sza = 117.40     ( 98.61% done)
 day =   87.9028    sza = 120.11     ( 98.78% done)
 day =   87.9167    sza = 122.63     ( 98.96% done)
 day =   87.9306    sza = 124.90     ( 99.13% done)
 day =   87.9444    sza = 126.91     ( 99.31% done)
 day =   87.9583    sza = 128.61     ( 99.48% done)
 day =   87.9722    sza = 129.98     ( 99.65% done)
 day =   87.9861    sza = 130.98     ( 99.83% done)
 day =   88.0000    sza = 131.58     (100.00% done)

 **************************************************************************
 *** END OF CAABA BOX MODEL RUN (VERSION 2.5j)
 **************************************************************************
real 1.88
user 1.48
sys 0.38
./zipcaaba.tcsh zip
  adding: caaba_2.5j-rs/ (stored 0%)
  adding: caaba_2.5j-rs/output/ (stored 0%)
  adding: caaba_2.5j-rs/messy_readj.f90 (deflated 55%)
  adding: caaba_2.5j-rs/messy_mecca_khet.f90 (stored 0%)
  adding: caaba_2.5j-rs/messy_mecca_kpp_monitor.f90 (stored 0%)
  adding: caaba_2.5j-rs/zipcaaba.tcsh (deflated 51%)
  adding: caaba_2.5j-rs/messy_jval_jvpp.inc (deflated 74%)
  adding: caaba_2.5j-rs/caaba.nml (stored 0%)
  adding: caaba_2.5j-rs/messy_mecca_box.f90 (deflated 77%)
  adding: caaba_2.5j-rs/messy_main_control_cb.f90 (deflated 70%)
  adding: caaba_2.5j-rs/messy_mecca_kpp_jacobian.f90 (stored 0%)
  adding: caaba_2.5j-rs/multirun/ (stored 0%)
  adding: caaba_2.5j-rs/multirun/multirun.tcsh (deflated 60%)
  adding: caaba_2.5j-rs/messy_mecca_kpp.f90 (stored 0%)
  adding: caaba_2.5j-rs/sfmakedepend (deflated 67%)
  adding: caaba_2.5j-rs/messy_cmn_photol_mem.f90 (deflated 67%)
  adding: caaba_2.5j-rs/jnl/ (stored 0%)
  adding: caaba_2.5j-rs/jnl/_plot_sizebins.jnl (deflated 65%)
  adding: caaba_2.5j-rs/jnl/plotall.jnl (deflated 58%)
  adding: caaba_2.5j-rs/jnl/README (deflated 23%)
  adding: caaba_2.5j-rs/jnl/_acidbase_equil_0d_a02.jnl (deflated 32%)
  adding: caaba_2.5j-rs/jnl/xxxg.jnl (deflated 77%)
  adding: caaba_2.5j-rs/jnl/jval.jnl (deflated 74%)
  adding: caaba_2.5j-rs/jnl/rxnrates.jnl (deflated 55%)
  adding: caaba_2.5j-rs/jnl/_plot_rxnrates.jnl (deflated 53%)
  adding: caaba_2.5j-rs/jnl/sizebins.jnl (deflated 79%)
  adding: caaba_2.5j-rs/jnl/tools/ (stored 0%)
  adding: caaba_2.5j-rs/jnl/tools/_plot_0d.jnl (deflated 67%)
  adding: caaba_2.5j-rs/jnl/tools/_plot_sizebins.jnl (deflated 65%)
  adding: caaba_2.5j-rs/jnl/tools/_plot_1d.jnl (deflated 66%)
  adding: caaba_2.5j-rs/jnl/tools/README (deflated 41%)
  adding: caaba_2.5j-rs/jnl/tools/_findrange_sizebins.jnl (deflated 63%)
  adding: caaba_2.5j-rs/jnl/tools/_plot_2d.jnl (deflated 67%)
  adding: caaba_2.5j-rs/jnl/tools/ppl_mylayout.jnl (deflated 54%)
  adding: caaba_2.5j-rs/jnl/tools/initialize.jnl (deflated 71%)
  adding: caaba_2.5j-rs/jnl/tools/_kppvara.jnl (deflated 86%)
  adding: caaba_2.5j-rs/jnl/tools/newpage.jnl (deflated 21%)
  adding: caaba_2.5j-rs/jnl/tools/_kppvarrates.jnl (deflated 88%)
  adding: caaba_2.5j-rs/jnl/tools/_kppvarg.jnl (deflated 82%)
  adding: caaba_2.5j-rs/jnl/tools/nextviewport.jnl (deflated 57%)
  adding: caaba_2.5j-rs/jnl/tools/exitviewport.jnl (deflated 56%)
  adding: caaba_2.5j-rs/jnl/tools/_findrange.jnl (deflated 46%)
  adding: caaba_2.5j-rs/jnl/tools/_define_sensi.jnl (deflated 46%)
  adding: caaba_2.5j-rs/jnl/tools/initviewport.jnl (deflated 50%)
  adding: caaba_2.5j-rs/jnl/xxxa.jnl (deflated 79%)
  adding: caaba_2.5j-rs/jnl/_acidbase_equil2_0d_a01.jnl (deflated 32%)
  adding: caaba_2.5j-rs/jnl/_acidbase_equil_0d_a01.jnl (deflated 32%)
  adding: caaba_2.5j-rs/jnl/_acidbase_equil2_0d_a02.jnl (deflated 31%)
  adding: caaba_2.5j-rs/jnl/_henry_equil_0d.jnl (deflated 51%)
  adding: caaba_2.5j-rs/jnl/_families_a.jnl (deflated 77%)
  adding: caaba_2.5j-rs/jnl/_plot_rxnrates_scaled.jnl (deflated 48%)
  adding: caaba_2.5j-rs/jnl/rxnrates_scaled.jnl (deflated 55%)
  adding: caaba_2.5j-rs/jnl/acidbase_equil_0d.jnl (deflated 75%)
  adding: caaba_2.5j-rs/jnl/henry_equil.jnl (deflated 69%)
  adding: caaba_2.5j-rs/jnl/setmodelrun.jnl (deflated 71%)
  adding: caaba_2.5j-rs/jnl/jval-sappho.jnl (deflated 81%)
  adding: caaba_2.5j-rs/messy_sappho.f90 (deflated 67%)
  adding: caaba_2.5j-rs/nc_parser.bash (deflated 61%)
  adding: caaba_2.5j-rs/montecarlo/ (stored 0%)
  adding: caaba_2.5j-rs/montecarlo/mcfct_seed_100.txt (deflated 52%)
  adding: caaba_2.5j-rs/montecarlo/montecarlo.tcsh (deflated 59%)
  adding: caaba_2.5j-rs/montecarlo/mcfct_seed.txt (deflated 52%)
  adding: caaba_2.5j-rs/caaba_io_ascii.inc (deflated 73%)
  adding: caaba_2.5j-rs/messy_mecca_kpp_linearalgebra.f90 (stored 0%)
  adding: caaba_2.5j-rs/nml/ (stored 0%)
  adding: caaba_2.5j-rs/nml/oomph/ (stored 0%)
  adding: caaba_2.5j-rs/nml/oomph/caaba.nml (deflated 51%)
  adding: caaba_2.5j-rs/nml/traject/ (stored 0%)
  adding: caaba_2.5j-rs/nml/traject/caaba.nml (deflated 60%)
  adding: caaba_2.5j-rs/nml/default/ (stored 0%)
  adding: caaba_2.5j-rs/nml/default/caaba.nml (deflated 53%)
  adding: caaba_2.5j-rs/nml/frostflower/ (stored 0%)
  adding: caaba_2.5j-rs/nml/frostflower/caaba.nml (deflated 53%)
  adding: caaba_2.5j-rs/caaba.log (deflated 81%)
  adding: caaba_2.5j-rs/messy_mecca_kpp_precision.f90 (stored 0%)
  adding: caaba_2.5j-rs/messy_mecca_kpp_integrator.f90 (stored 0%)
  adding: caaba_2.5j-rs/mecca.nml (deflated 68%)
  adding: caaba_2.5j-rs/Makefile (deflated 69%)
  adding: caaba_2.5j-rs/ncv (deflated 61%)
  adding: caaba_2.5j-rs/messy_mecca_tag_box.f90 (deflated 68%)
  adding: caaba_2.5j-rs/gmake.log (deflated 89%)
  adding: caaba_2.5j-rs/messy_mecca_aero.f90 (stored 0%)
  adding: caaba_2.5j-rs/caaba_io_netcdf.inc (deflated 69%)
  adding: caaba_2.5j-rs/messy_jval_box.f90 (deflated 71%)
  adding: caaba_2.5j-rs/messy_sappho_box.f90 (deflated 71%)
  adding: caaba_2.5j-rs/messy_main_tools_kp4_compress.f90 (deflated 73%)
  adding: caaba_2.5j-rs/messy_main_constants_mem.f90 (deflated 67%)
  adding: caaba_2.5j-rs/messy_mecca_kpp_parameters.f90 (stored 0%)
  adding: caaba_2.5j-rs/messy_mecca_kpp_jacobiansp.f90 (stored 0%)
  adding: caaba_2.5j-rs/caaba_mem.f90 (deflated 65%)
  adding: caaba_2.5j-rs/jval.nml (deflated 63%)
  adding: caaba_2.5j-rs/messy_mecca_kpp_function.f90 (stored 0%)
  adding: caaba_2.5j-rs/messy_semidep_box.f90 (deflated 75%)
  adding: caaba_2.5j-rs/CHANGELOG (deflated 66%)
  adding: caaba_2.5j-rs/main.mk (deflated 57%)
  adding: caaba_2.5j-rs/caaba.f90 (deflated 72%)
  adding: caaba_2.5j-rs/messy_main_rnd_mtw.f90 (deflated 74%)
  adding: caaba_2.5j-rs/manual/ (stored 0%)
  adding: caaba_2.5j-rs/manual/modular-mecca.odg (deflated 15%)
  adding: caaba_2.5j-rs/manual/caaba_mecca_manual.bbl (deflated 55%)
  adding: caaba_2.5j-rs/manual/caaba_use_diagr.pdf (deflated 2%)
  adding: caaba_2.5j-rs/manual/caaba_mecca_manual.toc (deflated 79%)
  adding: caaba_2.5j-rs/manual/kpp_use_diagr.pdf (deflated 0%)
  adding: caaba_2.5j-rs/manual/caaba_mecca_logo_print.pdf (deflated 4%)
  adding: caaba_2.5j-rs/manual/caaba_mecca_manual.aux (deflated 76%)
  adding: caaba_2.5j-rs/manual/caaba_sketch.odg (deflated 6%)
  adding: caaba_2.5j-rs/manual/mecca_info.tex (deflated 4%)
  adding: caaba_2.5j-rs/manual/caaba_flowcontrol.odg (deflated 8%)
  adding: caaba_2.5j-rs/manual/caaba_mecca_manual.tex (deflated 70%)
  adding: caaba_2.5j-rs/manual/caaba_sketch.pdf (deflated 6%)
  adding: caaba_2.5j-rs/manual/modular-mecca.pdf (deflated 3%)
  adding: caaba_2.5j-rs/manual/caaba_mecca_manual.pdf (deflated 4%)
  adding: caaba_2.5j-rs/manual/caaba_flowcontrol.pdf (deflated 1%)
  adding: caaba_2.5j-rs/manual/caaba_mecca_manual.blg (deflated 43%)
  adding: caaba_2.5j-rs/manual/caaba_use_diagr.odg (deflated 8%)
  adding: caaba_2.5j-rs/manual/kpp_use_diagr.odg (deflated 10%)
  adding: caaba_2.5j-rs/messy_traject_box.f90 (deflated 79%)
  adding: caaba_2.5j-rs/depend.mk (deflated 85%)
  adding: caaba_2.5j-rs/messy_main_tools.f90 (deflated 76%)
  adding: caaba_2.5j-rs/messy_mecca_kpp_global.f90 (stored 0%)
  adding: caaba_2.5j-rs/caaba_io.f90 (deflated 68%)
  adding: caaba_2.5j-rs/messy_main_timer.f90 (deflated 78%)
  adding: caaba_2.5j-rs/messy_mecca_kpp_util.f90 (stored 0%)
  adding: caaba_2.5j-rs/messy_main_rnd_lux.f90 (deflated 66%)
  adding: caaba_2.5j-rs/messy_mecca.f90 (stored 0%)
  adding: caaba_2.5j-rs/messy_jval.f90 (deflated 72%)
  adding: caaba_2.5j-rs/messy_mecca_dbl_box.f90 (deflated 75%)
  adding: caaba_2.5j-rs/messy_mecca_kpp_initialize.f90 (stored 0%)
  adding: caaba_2.5j-rs/messy_readj_box.f90 (deflated 62%)
  adding: caaba_2.5j-rs/messy_main_blather.f90 (deflated 82%)
  adding: caaba_2.5j-rs/messy_mecca_kpp_rates.f90 (stored 0%)
  adding: caaba_2.5j-rs/messy_main_rnd.f90 (deflated 75%)
  adding: caaba_2.5j-rs/mecca/ (stored 0%)
  adding: caaba_2.5j-rs/mecca/tag/ (stored 0%)
  adding: caaba_2.5j-rs/mecca/tag/mecca.spc (deflated 83%)
  adding: caaba_2.5j-rs/mecca/tag/imtag=i_simeuler.inc (deflated 63%)
  adding: caaba_2.5j-rs/mecca/tag/imtag_tag.f90 (deflated 63%)
  adding: caaba_2.5j-rs/mecca/tag/imcom.inc (deflated 74%)
  adding: caaba_2.5j-rs/mecca/tag/tagO3F.cfg (deflated 76%)
  adding: caaba_2.5j-rs/mecca/tag/imtag_iso_box.f90 (deflated 79%)
  adding: caaba_2.5j-rs/mecca/tag/imtag.pas (deflated 75%)
  adding: caaba_2.5j-rs/mecca/tag/_pot.errors (deflated 35%)
  adding: caaba_2.5j-rs/mecca/tag/tagIC.cfg (deflated 82%)
  adding: caaba_2.5j-rs/mecca/tag/imtag=i_cashkarp.inc (deflated 69%)
  adding: caaba_2.5j-rs/mecca/tag/messy_mecca_tag_box.f90-zero (deflated 68%)
  adding: caaba_2.5j-rs/mecca/tag/tagIC.kie (deflated 76%)
  adding: caaba_2.5j-rs/mecca/tag/imtag.dot (deflated 43%)
  adding: caaba_2.5j-rs/mecca/tag/imtag_param.inc (deflated 49%)
  adding: caaba_2.5j-rs/mecca/tag/mecca.eqn (deflated 80%)
  adding: caaba_2.5j-rs/mecca/tag/imtag (deflated 60%)
  adding: caaba_2.5j-rs/mecca/tag/xtag (deflated 67%)
  adding: caaba_2.5j-rs/mecca/tag/imtag=i_linealg.inc (deflated 65%)
  adding: caaba_2.5j-rs/mecca/tag/imdot.inc (deflated 75%)
  adding: caaba_2.5j-rs/mecca/tag/imtag_tag_common.f90 (deflated 80%)
  adding: caaba_2.5j-rs/mecca/tag/tagFISOP.cfg (deflated 70%)
  adding: caaba_2.5j-rs/mecca/tag/imtag_iso.f90 (deflated 76%)
  adding: caaba_2.5j-rs/mecca/tag/tagIO.kie (deflated 81%)
  adding: caaba_2.5j-rs/mecca/tag/imtag_tag_box.f90 (deflated 73%)
  adding: caaba_2.5j-rs/mecca/tag/tagIO.cfg (deflated 76%)
  adding: caaba_2.5j-rs/mecca/tag/gas.tex (deflated 93%)
  adding: caaba_2.5j-rs/mecca/tag/imtag=i_bulsto.inc (deflated 65%)
  adding: caaba_2.5j-rs/mecca/integr.kpp (deflated 46%)
  adding: caaba_2.5j-rs/mecca/mecca.spc (deflated 79%)
  adding: caaba_2.5j-rs/mecca/rpl/ (stored 0%)
  adding: caaba_2.5j-rs/mecca/rpl/mbl.rpl (deflated 72%)
  adding: caaba_2.5j-rs/mecca/rpl/gas.rpl-example (deflated 52%)
  adding: caaba_2.5j-rs/mecca/rpl/eval2.3.rpl (deflated 51%)
  adding: caaba_2.5j-rs/mecca/rpl/tagO3F_no_alkene_O3.rpl (deflated 44%)
  adding: caaba_2.5j-rs/mecca/latex/ (stored 0%)
  adding: caaba_2.5j-rs/mecca/latex/meccanism.tex (deflated 72%)
  adding: caaba_2.5j-rs/mecca/latex/meccanism.pdf (deflated 12%)
  adding: caaba_2.5j-rs/mecca/latex/spc2tex.awk (deflated 60%)
  adding: caaba_2.5j-rs/mecca/latex/henry2tex.awk (deflated 63%)
  adding: caaba_2.5j-rs/mecca/latex/meccalit.bib (deflated 77%)
  adding: caaba_2.5j-rs/mecca/latex/alpha2tex.awk (deflated 63%)
  adding: caaba_2.5j-rs/mecca/latex/eqn2tex.awk (deflated 76%)
  adding: caaba_2.5j-rs/mecca/latex/egu.bst (deflated 78%)
  adding: caaba_2.5j-rs/mecca/latex/chem.sty (deflated 59%)
  adding: caaba_2.5j-rs/mecca/messy_mecca_kpp.f90 (stored 0%)
  adding: caaba_2.5j-rs/mecca/tracdef.awk (deflated 69%)
  adding: caaba_2.5j-rs/mecca/xmecca.log (deflated 90%)
  adding: caaba_2.5j-rs/mecca/kpp/ (stored 0%)
  adding: caaba_2.5j-rs/mecca/kpp/util/ (stored 0%)
  adding: caaba_2.5j-rs/mecca/kpp/util/dJac_dRcoeff.m (deflated 64%)
  adding: caaba_2.5j-rs/mecca/kpp/util/tag2num.f90 (deflated 56%)
  adding: caaba_2.5j-rs/mecca/kpp/util/util.f (deflated 78%)
  adding: caaba_2.5j-rs/mecca/kpp/util/dJac_dRcoeff.f90 (deflated 63%)
  adding: caaba_2.5j-rs/mecca/kpp/util/Template_Jac_Chem.m (deflated 61%)
  adding: caaba_2.5j-rs/mecca/kpp/util/blas.f (deflated 79%)
  adding: caaba_2.5j-rs/mecca/kpp/util/util.c (deflated 63%)
  adding: caaba_2.5j-rs/mecca/kpp/util/util.f90 (deflated 78%)
  adding: caaba_2.5j-rs/mecca/kpp/util/ncar.h (deflated 37%)
  adding: caaba_2.5j-rs/mecca/kpp/util/util.m (deflated 78%)
  adding: caaba_2.5j-rs/mecca/kpp/util/UpdateSun.f90 (deflated 51%)
  adding: caaba_2.5j-rs/mecca/kpp/util/blas.c (deflated 78%)
  adding: caaba_2.5j-rs/mecca/kpp/util/Mex_Hessian.c (deflated 69%)
  adding: caaba_2.5j-rs/mecca/kpp/util/Makefile.f90 (deflated 73%)
  adding: caaba_2.5j-rs/mecca/kpp/util/dJac_dRcoeff.c (stored 0%)
  adding: caaba_2.5j-rs/mecca/kpp/util/Mex_Hessian.f (deflated 66%)
  adding: caaba_2.5j-rs/mecca/kpp/util/sutil.f (deflated 84%)
  adding: caaba_2.5j-rs/mecca/kpp/util/Mex_Hessian.f90 (deflated 66%)
  adding: caaba_2.5j-rs/mecca/kpp/util/dJac_dRcoeff.f (deflated 62%)
  adding: caaba_2.5j-rs/mecca/kpp/util/UserRateLaws.f90 (deflated 70%)
  adding: caaba_2.5j-rs/mecca/kpp/util/dFun_dRcoeff.m (deflated 62%)
  adding: caaba_2.5j-rs/mecca/kpp/util/Mex_Jac_SP.c (deflated 68%)
  adding: caaba_2.5j-rs/mecca/kpp/util/UserRateLaws.m (deflated 63%)
  adding: caaba_2.5j-rs/mecca/kpp/util/Template_Fun_Chem.m (deflated 46%)
  adding: caaba_2.5j-rs/mecca/kpp/util/UpdateSun.m (deflated 46%)
  adding: caaba_2.5j-rs/mecca/kpp/util/Makefile.c (deflated 76%)
  adding: caaba_2.5j-rs/mecca/kpp/util/UserRateLaws.f (deflated 70%)
  adding: caaba_2.5j-rs/mecca/kpp/util/Mex_Fun.c (deflated 68%)
  adding: caaba_2.5j-rs/mecca/kpp/util/sutil.c (deflated 74%)
  adding: caaba_2.5j-rs/mecca/kpp/util/dFun_dRcoeff.f (deflated 62%)
  adding: caaba_2.5j-rs/mecca/kpp/util/Mex_Jac_SP.f90 (deflated 65%)
  adding: caaba_2.5j-rs/mecca/kpp/util/mex.c (deflated 74%)
  adding: caaba_2.5j-rs/mecca/kpp/util/UserRateLaws_FcnHeader.f (deflated 35%)
  adding: caaba_2.5j-rs/mecca/kpp/util/mex.f (deflated 74%)
  adding: caaba_2.5j-rs/mecca/kpp/util/sparsity_plots.m (deflated 48%)
  adding: caaba_2.5j-rs/mecca/kpp/util/Mex_Fun.f90 (deflated 66%)
  adding: caaba_2.5j-rs/mecca/kpp/util/blas.f90 (deflated 78%)
  adding: caaba_2.5j-rs/mecca/kpp/util/Mex_Jac_SP.f (deflated 64%)
  adding: caaba_2.5j-rs/mecca/kpp/util/sutil.f90 (deflated 84%)
  adding: caaba_2.5j-rs/mecca/kpp/util/dFun_dRcoeff.c (stored 0%)
  adding: caaba_2.5j-rs/mecca/kpp/util/UpdateSun.f (deflated 51%)
  adding: caaba_2.5j-rs/mecca/kpp/util/ncar.c (deflated 65%)
  adding: caaba_2.5j-rs/mecca/kpp/util/UserRateLaws.c (deflated 69%)
  adding: caaba_2.5j-rs/mecca/kpp/util/UpdateSun.c (deflated 43%)
  adding: caaba_2.5j-rs/mecca/kpp/util/Makefile.f (deflated 72%)
  adding: caaba_2.5j-rs/mecca/kpp/util/Mex_Fun.f (deflated 66%)
  adding: caaba_2.5j-rs/mecca/kpp/util/dFun_dRcoeff.f90 (deflated 62%)
  adding: caaba_2.5j-rs/mecca/kpp/Makefile.defs.OSF1 (deflated 61%)
  adding: caaba_2.5j-rs/mecca/kpp/Makefile.defs.AIX (deflated 61%)
  adding: caaba_2.5j-rs/mecca/kpp/cflags (stored 0%)
  adding: caaba_2.5j-rs/mecca/kpp/src/ (stored 0%)
  adding: caaba_2.5j-rs/mecca/kpp/src/code_matlab.c (deflated 75%)
  adding: caaba_2.5j-rs/mecca/kpp/src/code_f77.c (deflated 75%)
  adding: caaba_2.5j-rs/mecca/kpp/src/y.tab.h (deflated 60%)
  adding: caaba_2.5j-rs/mecca/kpp/src/scan.l (deflated 75%)
  adding: caaba_2.5j-rs/mecca/kpp/src/copyright (deflated 49%)
  adding: caaba_2.5j-rs/mecca/kpp/src/scanner.c (deflated 75%)
  adding: caaba_2.5j-rs/mecca/kpp/src/gdata.h (deflated 63%)
  adding: caaba_2.5j-rs/mecca/kpp/src/gdef.h (deflated 49%)
  adding: caaba_2.5j-rs/mecca/kpp/src/gen.c (deflated 80%)
  adding: caaba_2.5j-rs/mecca/kpp/src/code_c.c (deflated 73%)
  adding: caaba_2.5j-rs/mecca/kpp/src/code_f90.c (deflated 75%)
  adding: caaba_2.5j-rs/mecca/kpp/src/Makefile (deflated 55%)
  adding: caaba_2.5j-rs/mecca/kpp/src/code.c (deflated 72%)
  adding: caaba_2.5j-rs/mecca/kpp/src/y.tab.c (deflated 74%)
  adding: caaba_2.5j-rs/mecca/kpp/src/kpp.c (deflated 73%)
  adding: caaba_2.5j-rs/mecca/kpp/src/scan.y (deflated 76%)
  adding: caaba_2.5j-rs/mecca/kpp/src/lex.yy.c (deflated 76%)
  adding: caaba_2.5j-rs/mecca/kpp/src/debug.c (deflated 67%)
  adding: caaba_2.5j-rs/mecca/kpp/src/scanutil.c (deflated 69%)
  adding: caaba_2.5j-rs/mecca/kpp/src/code.h (deflated 64%)
  adding: caaba_2.5j-rs/mecca/kpp/src/scan.h (deflated 58%)
  adding: caaba_2.5j-rs/mecca/kpp/gpl/ (stored 0%)
  adding: caaba_2.5j-rs/mecca/kpp/gpl/gpl.txt (deflated 62%)
  adding: caaba_2.5j-rs/mecca/kpp/models/ (stored 0%)
  adding: caaba_2.5j-rs/mecca/kpp/models/atoms (deflated 69%)
  adding: caaba_2.5j-rs/mecca/kpp/models/saprcnov.eqn (deflated 74%)
  adding: caaba_2.5j-rs/mecca/kpp/models/wet.spc (deflated 70%)
  adding: caaba_2.5j-rs/mecca/kpp/models/wet.def (deflated 64%)
  adding: caaba_2.5j-rs/mecca/kpp/models/saprcnov.def (deflated 60%)
  adding: caaba_2.5j-rs/mecca/kpp/models/cbm4.def (deflated 61%)
  adding: caaba_2.5j-rs/mecca/kpp/models/smog.spc (deflated 67%)
  adding: caaba_2.5j-rs/mecca/kpp/models/cbm4.spc (deflated 66%)
  adding: caaba_2.5j-rs/mecca/kpp/models/tropo.def (deflated 62%)
  adding: caaba_2.5j-rs/mecca/kpp/models/saprc99.eqn (deflated 74%)
  adding: caaba_2.5j-rs/mecca/kpp/models/strato.spc (deflated 70%)
  adding: caaba_2.5j-rs/mecca/kpp/models/tropo.spc (deflated 75%)
  adding: caaba_2.5j-rs/mecca/kpp/models/cell_cycle.def (deflated 67%)
  adding: caaba_2.5j-rs/mecca/kpp/models/saprcnov.spc (deflated 75%)
  adding: caaba_2.5j-rs/mecca/kpp/models/tropo.eqn (deflated 79%)
  adding: caaba_2.5j-rs/mecca/kpp/models/cmaq_s99.eqn (deflated 72%)
  adding: caaba_2.5j-rs/mecca/kpp/models/small_strato.spc (deflated 44%)
  adding: caaba_2.5j-rs/mecca/kpp/models/small_strato.def (deflated 58%)
  adding: caaba_2.5j-rs/mecca/kpp/models/cell_cycle_mRNA.def (deflated 68%)
  adding: caaba_2.5j-rs/mecca/kpp/models/saprc99.def (deflated 61%)
  adding: caaba_2.5j-rs/mecca/kpp/models/strato.def (deflated 64%)
  adding: caaba_2.5j-rs/mecca/kpp/models/saprc99.spc (deflated 70%)
  adding: caaba_2.5j-rs/mecca/kpp/models/stochastic_dimer.def (deflated 57%)
  adding: caaba_2.5j-rs/mecca/kpp/models/small_strato.eqn (deflated 49%)
  adding: caaba_2.5j-rs/mecca/kpp/models/wet.eqn (deflated 74%)
  adding: caaba_2.5j-rs/mecca/kpp/models/smog.def (deflated 56%)
  adding: caaba_2.5j-rs/mecca/kpp/models/cbm4.eqn (deflated 72%)
  adding: caaba_2.5j-rs/mecca/kpp/models/strato.eqn (deflated 74%)
  adding: caaba_2.5j-rs/mecca/kpp/models/CMAQ/ (stored 0%)
  adding: caaba_2.5j-rs/mecca/kpp/models/CMAQ/texas.def (deflated 78%)
  adding: caaba_2.5j-rs/mecca/kpp/models/CMAQ/texas.eqn (deflated 71%)
  adding: caaba_2.5j-rs/mecca/kpp/models/CMAQ/cmaq_s99.eqn (deflated 72%)
  adding: caaba_2.5j-rs/mecca/kpp/models/CMAQ/GC_SPC.EXT (deflated 80%)
  adding: caaba_2.5j-rs/mecca/kpp/models/CMAQ/mech.def (deflated 69%)
  adding: caaba_2.5j-rs/mecca/kpp/models/CMAQ/texas.spc (deflated 78%)
  adding: caaba_2.5j-rs/mecca/kpp/models/CMAQ/cmaq_s99.spc (deflated 78%)
  adding: caaba_2.5j-rs/mecca/kpp/models/CMAQ/cmaq_s99.def (deflated 79%)
  adding: caaba_2.5j-rs/mecca/kpp/models/cmaq_s99.spc (deflated 78%)
  adding: caaba_2.5j-rs/mecca/kpp/models/smog.eqn (deflated 58%)
  adding: caaba_2.5j-rs/mecca/kpp/models/cmaq_s99.def (deflated 79%)
  adding: caaba_2.5j-rs/mecca/kpp/cflags.guess (deflated 62%)
  adding: caaba_2.5j-rs/mecca/kpp/Makefile (deflated 50%)
  adding: caaba_2.5j-rs/mecca/kpp/int/ (stored 0%)
  adding: caaba_2.5j-rs/mecca/kpp/int/runge_kutta.c (deflated 75%)
  adding: caaba_2.5j-rs/mecca/kpp/int/rosenbrock.c (deflated 77%)
  adding: caaba_2.5j-rs/mecca/kpp/int/sdirk_adj.f90 (deflated 77%)
  adding: caaba_2.5j-rs/mecca/kpp/int/rosenbrock.def (deflated 44%)
  adding: caaba_2.5j-rs/mecca/kpp/int/atm_radau5.def (deflated 39%)
  adding: caaba_2.5j-rs/mecca/kpp/int/kpp_lsode.def (deflated 3%)
  adding: caaba_2.5j-rs/mecca/kpp/int/atm_lsodes.f (deflated 75%)
  adding: caaba_2.5j-rs/mecca/kpp/int/kpp_radau5.f90 (deflated 73%)
  adding: caaba_2.5j-rs/mecca/kpp/int/ros3_old.f90 (deflated 67%)
  adding: caaba_2.5j-rs/mecca/kpp/int/runge_kutta.f90 (deflated 74%)
  adding: caaba_2.5j-rs/mecca/kpp/int/kpp_odessa_ddm.def (deflated 59%)
  adding: caaba_2.5j-rs/mecca/kpp/int/sdirk.f (deflated 71%)
  adding: caaba_2.5j-rs/mecca/kpp/int/rosenbrock_tlm.def (deflated 43%)
  adding: caaba_2.5j-rs/mecca/kpp/int/kpp_dvode.f (deflated 75%)
  adding: caaba_2.5j-rs/mecca/kpp/int/kpp_odessa_ddm.f (deflated 73%)
  adding: caaba_2.5j-rs/mecca/kpp/int/gillespie.def (deflated 16%)
  adding: caaba_2.5j-rs/mecca/kpp/int/atm_radau5.f (deflated 85%)
  adding: caaba_2.5j-rs/mecca/kpp/int/none.f90 (stored 0%)
  adding: caaba_2.5j-rs/mecca/kpp/int/rosenbrock_mz.f90 (deflated 77%)
  adding: caaba_2.5j-rs/mecca/kpp/int/rosenbrock.f (deflated 78%)
  adding: caaba_2.5j-rs/mecca/kpp/int/sdirk_tlm.def (deflated 38%)
  adding: caaba_2.5j-rs/mecca/kpp/int/none.f (stored 0%)
  adding: caaba_2.5j-rs/mecca/kpp/int/none.c (stored 0%)
  adding: caaba_2.5j-rs/mecca/kpp/int/none.def (stored 0%)
  adding: caaba_2.5j-rs/mecca/kpp/int/rosenbrock_posdef.f90 (deflated 76%)
  adding: caaba_2.5j-rs/mecca/kpp/int/runge_kutta_tlm.def (deflated 1%)
  adding: caaba_2.5j-rs/mecca/kpp/int/kpp_lsode.f90 (deflated 79%)
  adding: caaba_2.5j-rs/mecca/kpp/int/kpp_seulex.f (deflated 74%)
  adding: caaba_2.5j-rs/mecca/kpp/int/rosenbrock_tlm.f90 (deflated 77%)
  adding: caaba_2.5j-rs/mecca/kpp/int/kpp_sdirk4.f90 (deflated 72%)
  adding: caaba_2.5j-rs/mecca/kpp/int/kpp_dvode.def (deflated 20%)
  adding: caaba_2.5j-rs/mecca/kpp/int/sdirk.def (deflated 39%)
  adding: caaba_2.5j-rs/mecca/kpp/int/rosenbrock_mz.def (deflated 43%)
  adding: caaba_2.5j-rs/mecca/kpp/int/atm_odessa_ddm.def (deflated 59%)
  adding: caaba_2.5j-rs/mecca/kpp/int/atm_odessa_ddm.f (deflated 73%)
  adding: caaba_2.5j-rs/mecca/kpp/int/kpp_radau5.def (deflated 1%)
  adding: caaba_2.5j-rs/mecca/kpp/int/kpp_sdirk4.f (deflated 71%)
  adding: caaba_2.5j-rs/mecca/kpp/int/atm_lsodes.def (deflated 38%)
  adding: caaba_2.5j-rs/mecca/kpp/int/runge_kutta_adj.f90 (deflated 77%)
  adding: caaba_2.5j-rs/mecca/kpp/int/sdirk_adj.def (deflated 38%)
  adding: caaba_2.5j-rs/mecca/kpp/int/runge_kutta.def (deflated 1%)
  adding: caaba_2.5j-rs/mecca/kpp/int/rosenbrock.f90 (deflated 76%)
  adding: caaba_2.5j-rs/mecca/kpp/int/kpp_seulex.f90 (deflated 73%)
  adding: caaba_2.5j-rs/mecca/kpp/int/gillespie.f90 (deflated 65%)
  adding: caaba_2.5j-rs/mecca/kpp/int/sdirk_tlm.f90 (deflated 76%)
  adding: caaba_2.5j-rs/mecca/kpp/int/kpp_seulex.def (deflated 44%)
  adding: caaba_2.5j-rs/mecca/kpp/int/runge_kutta_adj.def (deflated 2%)
  adding: caaba_2.5j-rs/mecca/kpp/int/ros2_manual.def (stored 0%)
  adding: caaba_2.5j-rs/mecca/kpp/int/rosenbrock_posdef.def (deflated 43%)
  adding: caaba_2.5j-rs/mecca/kpp/int/rosenbrock_adj.f90 (deflated 81%)
  adding: caaba_2.5j-rs/mecca/kpp/int/readme (deflated 49%)
  adding: caaba_2.5j-rs/mecca/kpp/int/oldies/ (stored 0%)
  adding: caaba_2.5j-rs/mecca/kpp/int/oldies/exqssa.c (deflated 66%)
  adding: caaba_2.5j-rs/mecca/kpp/int/oldies/twostepj.f (deflated 67%)
  adding: caaba_2.5j-rs/mecca/kpp/int/oldies/qssafix.def (deflated 39%)
  adding: caaba_2.5j-rs/mecca/kpp/int/oldies/kpp_rodas.def (deflated 45%)
  adding: caaba_2.5j-rs/mecca/kpp/int/oldies/ros4_ddm.def (deflated 73%)
  adding: caaba_2.5j-rs/mecca/kpp/int/oldies/rodas3_ddm.f (deflated 78%)
  adding: caaba_2.5j-rs/mecca/kpp/int/oldies/exqssa.def (deflated 39%)
  adding: caaba_2.5j-rs/mecca/kpp/int/oldies/kpp_rodas.f (deflated 71%)
  adding: caaba_2.5j-rs/mecca/kpp/int/oldies/kpp_ros4.def (deflated 45%)
  adding: caaba_2.5j-rs/mecca/kpp/int/oldies/ros2_cts_adj.f (deflated 68%)
  adding: caaba_2.5j-rs/mecca/kpp/int/oldies/ros3_ddm.f (deflated 74%)
  adding: caaba_2.5j-rs/mecca/kpp/int/oldies/ros3_ddm.def (deflated 67%)
  adding: caaba_2.5j-rs/mecca/kpp/int/oldies/ros1.f (deflated 68%)
  adding: caaba_2.5j-rs/mecca/kpp/int/oldies/qssa1.f (deflated 70%)
  adding: caaba_2.5j-rs/mecca/kpp/int/oldies/twostepj.def (deflated 39%)
  adding: caaba_2.5j-rs/mecca/kpp/int/oldies/ros3.f (deflated 66%)
  adding: caaba_2.5j-rs/mecca/kpp/int/oldies/ros2_ddm.f (deflated 75%)
  adding: caaba_2.5j-rs/mecca/kpp/int/oldies/ros1_ddm.f (deflated 75%)
  adding: caaba_2.5j-rs/mecca/kpp/int/oldies/ros3.c (deflated 66%)
  adding: caaba_2.5j-rs/mecca/kpp/int/oldies/ros2.f (deflated 69%)
  adding: caaba_2.5j-rs/mecca/kpp/int/oldies/qssafix.f (deflated 56%)
  adding: caaba_2.5j-rs/mecca/kpp/int/oldies/exqssa.f (deflated 70%)
  adding: caaba_2.5j-rs/mecca/kpp/int/oldies/rodas3_ddm.def (deflated 67%)
  adding: caaba_2.5j-rs/mecca/kpp/int/oldies/ros1_ddm.def (deflated 69%)
  adding: caaba_2.5j-rs/mecca/kpp/int/oldies/rodas3.c (deflated 64%)
  adding: caaba_2.5j-rs/mecca/kpp/int/oldies/ros2.c (deflated 69%)
  adding: caaba_2.5j-rs/mecca/kpp/int/oldies/ros2.f90 (deflated 66%)
  adding: caaba_2.5j-rs/mecca/kpp/int/oldies/qssa.def (deflated 41%)
  adding: caaba_2.5j-rs/mecca/kpp/int/oldies/ros3.def (deflated 64%)
  adding: caaba_2.5j-rs/mecca/kpp/int/oldies/ros1.def (deflated 69%)
  adding: caaba_2.5j-rs/mecca/kpp/int/oldies/ros2_ddm.def (deflated 67%)
  adding: caaba_2.5j-rs/mecca/kpp/int/oldies/ros4.def (deflated 76%)
  adding: caaba_2.5j-rs/mecca/kpp/int/oldies/qssa.f (deflated 70%)
  adding: caaba_2.5j-rs/mecca/kpp/int/oldies/ros2.def (deflated 68%)
  adding: caaba_2.5j-rs/mecca/kpp/int/oldies/ros4.f (deflated 69%)
  adding: caaba_2.5j-rs/mecca/kpp/int/oldies/rodas3.def (deflated 66%)
  adding: caaba_2.5j-rs/mecca/kpp/int/oldies/kpp_ros4.f (deflated 74%)
  adding: caaba_2.5j-rs/mecca/kpp/int/oldies/ros4_ddm.f (deflated 76%)
  adding: caaba_2.5j-rs/mecca/kpp/int/oldies/rodas3.f (deflated 67%)
  adding: caaba_2.5j-rs/mecca/kpp/int/tau_leap.def (deflated 15%)
  adding: caaba_2.5j-rs/mecca/kpp/int/gillespie.c (deflated 60%)
  adding: caaba_2.5j-rs/mecca/kpp/int/runge_kutta_tlm.f90 (deflated 77%)
  adding: caaba_2.5j-rs/mecca/kpp/int/tau_leap.f90 (deflated 68%)
  adding: caaba_2.5j-rs/mecca/kpp/int/user_contributed/ (stored 0%)
  adding: caaba_2.5j-rs/mecca/kpp/int/user_contributed/ros2_manual.def (stored 0%)
  adding: caaba_2.5j-rs/mecca/kpp/int/user_contributed/readme (deflated 33%)
  adding: caaba_2.5j-rs/mecca/kpp/int/user_contributed/ros2_manual.f90 (deflated 60%)
  adding: caaba_2.5j-rs/mecca/kpp/int/ros2_manual.f90 (deflated 60%)
  adding: caaba_2.5j-rs/mecca/kpp/int/none.m (stored 0%)
  adding: caaba_2.5j-rs/mecca/kpp/int/ros3_old.def (deflated 46%)
  adding: caaba_2.5j-rs/mecca/kpp/int/sdirk.f90 (deflated 75%)
  adding: caaba_2.5j-rs/mecca/kpp/int/sdirk.c (deflated 75%)
  adding: caaba_2.5j-rs/mecca/kpp/int/kpp_sdirk4.def (deflated 38%)
  adding: caaba_2.5j-rs/mecca/kpp/int/rosenbrock_adj.def (deflated 43%)
  adding: caaba_2.5j-rs/mecca/kpp/bin/ (stored 0%)
  adding: caaba_2.5j-rs/mecca/kpp/bin/kpp (deflated 62%)
  adding: caaba_2.5j-rs/mecca/kpp/examples/ (stored 0%)
  adding: caaba_2.5j-rs/mecca/kpp/examples/saprc2006.kpp (deflated 10%)
  adding: caaba_2.5j-rs/mecca/kpp/examples/small_f90.kpp (deflated 11%)
  adding: caaba_2.5j-rs/mecca/kpp/examples/rk.kpp (deflated 11%)
  adding: caaba_2.5j-rs/mecca/kpp/examples/radau90.kpp (deflated 12%)
  adding: caaba_2.5j-rs/mecca/kpp/examples/cell.kpp (deflated 14%)
  adding: caaba_2.5j-rs/mecca/kpp/examples/sdtlm.kpp (deflated 14%)
  adding: caaba_2.5j-rs/mecca/kpp/examples/saprc_f90.kpp (deflated 12%)
  adding: caaba_2.5j-rs/mecca/kpp/examples/small_c.kpp (deflated 12%)
  adding: caaba_2.5j-rs/mecca/kpp/examples/small_f77.kpp (deflated 11%)
  adding: caaba_2.5j-rs/mecca/kpp/examples/sd.kpp (deflated 11%)
  adding: caaba_2.5j-rs/mecca/kpp/examples/small_m.kpp (deflated 13%)
  adding: caaba_2.5j-rs/mecca/kpp/examples/saprc_m.kpp (deflated 14%)
  adding: caaba_2.5j-rs/mecca/kpp/examples/saprc_c.kpp (deflated 14%)
  adding: caaba_2.5j-rs/mecca/kpp/examples/ros.kpp (deflated 11%)
  adding: caaba_2.5j-rs/mecca/kpp/examples/rosenbrock90.kpp (deflated 12%)
  adding: caaba_2.5j-rs/mecca/kpp/examples/readme (deflated 38%)
  adding: caaba_2.5j-rs/mecca/kpp/examples/rktlm.kpp (deflated 12%)
  adding: caaba_2.5j-rs/mecca/kpp/examples/sdadj.kpp (deflated 14%)
  adding: caaba_2.5j-rs/mecca/kpp/examples/saprc_f77.kpp (deflated 12%)
  adding: caaba_2.5j-rs/mecca/kpp/examples/rosadj.kpp (deflated 13%)
  adding: caaba_2.5j-rs/mecca/kpp/examples/rostlm.kpp (deflated 12%)
  adding: caaba_2.5j-rs/mecca/kpp/Makefile.defs (deflated 53%)
  adding: caaba_2.5j-rs/mecca/kpp/CHANGELOG (deflated 63%)
  adding: caaba_2.5j-rs/mecca/kpp/site-lisp/ (stored 0%)
  adding: caaba_2.5j-rs/mecca/kpp/site-lisp/kpp.el (deflated 58%)
  adding: caaba_2.5j-rs/mecca/kpp/readme (deflated 56%)
  adding: caaba_2.5j-rs/mecca/kpp/Makefile.defs.Linux (deflated 61%)
  adding: caaba_2.5j-rs/mecca/kpp/drv/ (stored 0%)
  adding: caaba_2.5j-rs/mecca/kpp/drv/general_soa.f90 (deflated 69%)
  adding: caaba_2.5j-rs/mecca/kpp/drv/general_stochastic.f90 (deflated 56%)
  adding: caaba_2.5j-rs/mecca/kpp/drv/general_tlm.f90 (deflated 67%)
  adding: caaba_2.5j-rs/mecca/kpp/drv/general.f (deflated 60%)
  adding: caaba_2.5j-rs/mecca/kpp/drv/exact.c (deflated 54%)
  adding: caaba_2.5j-rs/mecca/kpp/drv/general.c (deflated 56%)
  adding: caaba_2.5j-rs/mecca/kpp/drv/none.f90 (stored 0%)
  adding: caaba_2.5j-rs/mecca/kpp/drv/general.m (deflated 60%)
  adding: caaba_2.5j-rs/mecca/kpp/drv/none.f (stored 0%)
  adding: caaba_2.5j-rs/mecca/kpp/drv/none.c (stored 0%)
  adding: caaba_2.5j-rs/mecca/kpp/drv/general_complete.f90 (deflated 67%)
  adding: caaba_2.5j-rs/mecca/kpp/drv/general.f90 (deflated 63%)
  adding: caaba_2.5j-rs/mecca/kpp/drv/main.c (deflated 50%)
  adding: caaba_2.5j-rs/mecca/kpp/drv/general_ddm_ic.f (deflated 66%)
  adding: caaba_2.5j-rs/mecca/kpp/drv/exact.f (deflated 61%)
  adding: caaba_2.5j-rs/mecca/kpp/drv/main.f (deflated 52%)
  adding: caaba_2.5j-rs/mecca/kpp/drv/general_stochastic.c (deflated 62%)
  adding: caaba_2.5j-rs/mecca/kpp/drv/general_adj.f90 (deflated 68%)
  adding: caaba_2.5j-rs/mecca/kpp/doc/ (stored 0%)
  adding: caaba_2.5j-rs/mecca/kpp/doc/kpp_UserManual.pdf (deflated 15%)
  adding: caaba_2.5j-rs/mecca/decomp/ (stored 0%)
  adding: caaba_2.5j-rs/mecca/decomp/locate_f90.sh (deflated 47%)
  adding: caaba_2.5j-rs/mecca/decomp/xdecomp (deflated 55%)
  adding: caaba_2.5j-rs/mecca/decomp/seddecomp_ros-auto (deflated 73%)
  adding: caaba_2.5j-rs/mecca/decomp/seddecomp_ros2 (deflated 73%)
  adding: caaba_2.5j-rs/mecca/mcfct.awk (deflated 54%)
  adding: caaba_2.5j-rs/mecca/aerosol.awk (deflated 55%)
  adding: caaba_2.5j-rs/mecca/aqueous.tex (deflated 95%)
  adding: caaba_2.5j-rs/mecca/template_messy_mecca_kpp.f90 (deflated 75%)
  adding: caaba_2.5j-rs/mecca/check_conservation.pl.in (deflated 64%)
  adding: caaba_2.5j-rs/mecca/gpl.txt (deflated 62%)
  adding: caaba_2.5j-rs/mecca/gas.spc (deflated 75%)
  adding: caaba_2.5j-rs/mecca/mecca.eqn (deflated 77%)
  adding: caaba_2.5j-rs/mecca/diagtrac/ (stored 0%)
  adding: caaba_2.5j-rs/mecca/diagtrac/halogen_budget.tex (deflated 78%)
  adding: caaba_2.5j-rs/mecca/diagtrac/gas_budgets.tex (deflated 81%)
  adding: caaba_2.5j-rs/mecca/diagtrac/example.tex (deflated 44%)
  adding: caaba_2.5j-rs/mecca/diagtrac/eval2.3_budget.tex (deflated 64%)
  adding: caaba_2.5j-rs/mecca/diagtrac/O3_budget.tex (deflated 64%)
  adding: caaba_2.5j-rs/mecca/batch/ (stored 0%)
  adding: caaba_2.5j-rs/mecca/batch/eval_sg_isoc.bat (deflated 58%)
  adding: caaba_2.5j-rs/mecca/batch/example.bat (deflated 56%)
  adding: caaba_2.5j-rs/mecca/batch/traject.bat (deflated 52%)
  adding: caaba_2.5j-rs/mecca/batch/simple_rxnrates.bat (deflated 54%)
  adding: caaba_2.5j-rs/mecca/batch/mbl.bat (deflated 53%)
  adding: caaba_2.5j-rs/mecca/batch/simple.bat (deflated 54%)
  adding: caaba_2.5j-rs/mecca/batch/ff.bat (deflated 53%)
  adding: caaba_2.5j-rs/mecca/batch/debug.bat (deflated 53%)
  adding: caaba_2.5j-rs/mecca/batch/kp4test.bat (deflated 56%)
  adding: caaba_2.5j-rs/mecca/batch/eval_sg_isoc_m6.bat (deflated 58%)
  adding: caaba_2.5j-rs/mecca/batch/mcfct.bat (deflated 54%)
  adding: caaba_2.5j-rs/mecca/batch/eval.bat (deflated 57%)
  adding: caaba_2.5j-rs/mecca/batch/eval2.3.bat (deflated 56%)
  adding: caaba_2.5j-rs/mecca/batch/latex.bat (deflated 55%)
  adding: caaba_2.5j-rs/mecca/batch/mbl_ak.bat (deflated 57%)
  adding: caaba_2.5j-rs/mecca/replace.awk (deflated 60%)
  adding: caaba_2.5j-rs/mecca/gas.eqn (deflated 74%)
  adding: caaba_2.5j-rs/mecca/rxnrates.awk (deflated 66%)
  adding: caaba_2.5j-rs/mecca/check_conservation.pl (deflated 64%)
  adding: caaba_2.5j-rs/mecca/xmecca (deflated 76%)
  adding: caaba_2.5j-rs/mecca/aqueous.spc (deflated 82%)
  adding: caaba_2.5j-rs/mecca/substitute.awk (deflated 60%)
  adding: caaba_2.5j-rs/mecca/smcl/ (stored 0%)
  adding: caaba_2.5j-rs/mecca/smcl/messy_mecca_khet.f90 (deflated 63%)
  adding: caaba_2.5j-rs/mecca/smcl/messy_mecca_kpp_monitor.f90 (deflated 86%)
  adding: caaba_2.5j-rs/mecca/smcl/messy_mecca_kpp_jacobian.f90 (deflated 76%)
  adding: caaba_2.5j-rs/mecca/smcl/messy_mecca_kpp.f90 (deflated 75%)
  adding: caaba_2.5j-rs/mecca/smcl/messy_mecca_kpp_linearalgebra.f90 (deflated 81%)
  adding: caaba_2.5j-rs/mecca/smcl/messy_mecca_kpp_precision.f90 (deflated 48%)
  adding: caaba_2.5j-rs/mecca/smcl/messy_mecca_kpp_integrator.f90 (deflated 76%)
  adding: caaba_2.5j-rs/mecca/smcl/messy_mecca_aero.f90 (deflated 77%)
  adding: caaba_2.5j-rs/mecca/smcl/messy_mecca_kpp_parameters.f90 (deflated 85%)
  adding: caaba_2.5j-rs/mecca/smcl/messy_mecca_kpp_jacobiansp.f90 (deflated 70%)
  adding: caaba_2.5j-rs/mecca/smcl/messy_mecca_kpp_function.f90 (deflated 67%)
  adding: caaba_2.5j-rs/mecca/smcl/messy_mecca_kpp_global.f90 (deflated 78%)
  adding: caaba_2.5j-rs/mecca/smcl/messy_mecca_kpp_util.f90 (deflated 75%)
  adding: caaba_2.5j-rs/mecca/smcl/messy_mecca.f90 (deflated 67%)
  adding: caaba_2.5j-rs/mecca/smcl/messy_mecca_kpp_initialize.f90 (deflated 58%)
  adding: caaba_2.5j-rs/mecca/smcl/messy_mecca_kpp_rates.f90 (deflated 72%)
  adding: caaba_2.5j-rs/mecca/messy_mecca_kpp.kpp (deflated 42%)
  adding: caaba_2.5j-rs/mecca/dbl/ (stored 0%)
  adding: caaba_2.5j-rs/mecca/dbl/imdouble.pas (deflated 78%)
  adding: caaba_2.5j-rs/mecca/dbl/mecca.spc (deflated 83%)
  adding: caaba_2.5j-rs/mecca/dbl/imcom.inc (stored 0%)
  adding: caaba_2.5j-rs/mecca/dbl/tagO3F.cfg (deflated 76%)
  adding: caaba_2.5j-rs/mecca/dbl/imdouble_param.inc (deflated 49%)
  adding: caaba_2.5j-rs/mecca/dbl/imdouble_iso_box.f90 (deflated 82%)
  adding: caaba_2.5j-rs/mecca/dbl/imdouble (deflated 59%)
  adding: caaba_2.5j-rs/mecca/dbl/tagIC.cfg (deflated 82%)
  adding: caaba_2.5j-rs/mecca/dbl/tagIC.kie (deflated 76%)
  adding: caaba_2.5j-rs/mecca/dbl/mecca.eqn (deflated 80%)
  adding: caaba_2.5j-rs/mecca/dbl/imdouble_frac_box.f90 (deflated 75%)
  adding: caaba_2.5j-rs/mecca/dbl/imdouble_dbl_common_box.f90 (deflated 81%)
  adding: caaba_2.5j-rs/mecca/dbl/imdouble_dbl_box.f90 (deflated 75%)
  adding: caaba_2.5j-rs/mecca/dbl/messy_mecca_dbl_box.f90-zero (deflated 75%)
  adding: caaba_2.5j-rs/mecca/dbl/tagFISOP.cfg (deflated 70%)
  adding: caaba_2.5j-rs/mecca/dbl/tagIO.kie (deflated 81%)
  adding: caaba_2.5j-rs/mecca/dbl/xdbl (deflated 68%)
  adding: caaba_2.5j-rs/mecca/dbl/tagIO.cfg (deflated 76%)
  adding: caaba_2.5j-rs/mecca/dbl/gas.tex (deflated 93%)
  adding: caaba_2.5j-rs/mecca/gas.tex (deflated 93%)
  adding: caaba_2.5j-rs/mecca/aqueous.eqn (deflated 81%)
  adding: caaba_2.5j-rs/xcaaba (deflated 69%)

The zipfile has been created:
-rw-r--r-- 1 caaba caaba 3838223 2009-07-22 18:38 /home/caaba/caaba_2.5j-rs/caaba_2.5j-rs.zip
