 **************************************************************************
 ************************ STARTING CAABA BOX MODEL ************************
 **************************************************************************

 **************************************************************************
 *** START caaba: INITIALISATION (caaba_read_nml)
 Reading namelist 'CAABA' from 'caaba.nml' (unit  999 ) ...
  ... OK !
 *** END   caaba: INITIALISATION (caaba_read_nml)
 **************************************************************************

 --------------------------------------------------------------------------
 Selected MESSy submodels:
   JVAL
   MECCA
   SAPPHO
   SEMIDEP
 --------------------------------------------------------------------------
 startday      =       80.0
 runtime       =        8.0 days
 time_step_len =     1200.0 s
 latitude      =       45.0 degree
 longitude     =        0.0 degree
 T             =      293.0 K
 p             =   101325.0 Pa
 relhum        =       81.0 %
 zmbl          =     1000.0 m
 c(air)        =  2.505E+19 mcl/cm3
 --------------------------------------------------------------------------
 l_skipkpp           =  F
 l_steady_state_stop =  F
 l_ff                =  F
 Ca_precip           =  0. (CaCO3 precipitation)
 --------------------------------------------------------------------------
 init_spec = empty
 NO EXTERNAL INPUT FOR CHEMICAL TRACER INITIALIZATION
 --------------------------------------------------------------------------
 PHOTOLYSIS RATE COEFFICIENTS ARE TAKEN FROM
 sappho
 --------------------------------------------------------------------------
 **************************************************************************
 *** START mecca: INITIALISATION (mecca_read_nml_ctrl)
 Reading namelist 'CTRL' from 'mecca.nml' (unit  999 ) ...
  ... OK !
 setting l_aero = REQ_AEROSOL
 mecca_aero   = AUTO
 REQ_AEROSOL  =  F
 l_aero       =  F
 l_force_khet =  F
 l_kpp_debug  =  F
 l_tag        =  F
 l_dbl        =  F
 *** END   mecca: INITIALISATION (mecca_read_nml_ctrl)
 **************************************************************************
 **************************************************************************
 *** START mecca: INITIALISATION (kpp_read_nml_ctrl)
 Reading namelist 'CTRL_KPP' from 'mecca.nml' (unit  999 ) ...
  ... OK !
 solver-specific method:      icntrl(3) =  2
 max. number of kpp-substeps: icntrl(4) =  0
 *** END   mecca: INITIALISATION (kpp_read_nml_ctrl)
 **************************************************************************
 --------------------------------------------------------------------------
 Initial gas-phase mixing ratios and concentrations:
 --------------------------------------------------------------------------
 NH3                               2.00E-10 mol/mol   =   5.01E+09 mcl/cm3
 SO2                               9.00E-11 mol/mol   =   2.25E+09 mcl/cm3
 DMS                               6.00E-11 mol/mol   =   1.50E+09 mcl/cm3
 H2O2                              6.00E-10 mol/mol   =   1.50E+10 mcl/cm3
 CH3OH                             3.00E-10 mol/mol   =   7.51E+09 mcl/cm3
 CO                                7.00E-08 mol/mol   =   1.75E+12 mcl/cm3
 HNO3                              5.00E-12 mol/mol   =   1.25E+08 mcl/cm3
 CH4                               1.80E-06 mol/mol   =   4.51E+13 mcl/cm3
 H2                                1.00E-06 mol/mol   =   2.50E+13 mcl/cm3
 H2O                               1.86E-02 mol/mol   =   4.65E+17 mcl/cm3
 HCl                               4.00E-11 mol/mol   =   1.00E+09 mcl/cm3
 HCHO                              3.00E-10 mol/mol   =   7.51E+09 mcl/cm3
 NO2                               2.00E-11 mol/mol   =   5.01E+08 mcl/cm3
 O3                                2.50E-08 mol/mol   =   6.26E+11 mcl/cm3
 O2                                2.10E-01 mol/mol   =   5.26E+18 mcl/cm3
 N2                                7.80E-01 mol/mol   =   1.95E+19 mcl/cm3
 CO2                               3.50E-04 mol/mol   =   8.77E+15 mcl/cm3
 --------------------------------------------------------------------------
 *** Info about MECCA and KPP:
 xmecca was run on 2009-07-24 at 09:53:58 by caaba
 -rw------- 1 caaba caaba 12702 2009-06-24 19:33 gas.spc (35348    13)
 -rw------- 1 caaba caaba 8371 2008-07-17 18:28 aqueous.spc (39581     9)
 -rw------- 1 caaba caaba 21451 2009-07-24 09:53 mecca.spc (33468    21)
 -rw------- 1 caaba caaba 46514 2009-07-08 13:01 gas.eqn (22540    46)
 -rw------- 1 caaba caaba 55063 2009-01-30 16:33 aqueous.eqn (54359    54)
 -rw-r--r-- 1 caaba caaba 41032 2009-07-24 09:54 mecca.eqn (59568    41)
 rplfile      = 
 wanted       = ((Tr && (G || Het) && !Cl && !Br && !I) || St) && !Hg
 diagtracfile = 
 tagdbl       = 
 kppoption    = k
 KPP_HOME     = /home/caaba/caaba_2.5j-rs/mecca/kpp
 KPP_version  = 2.2.1_rs3
 integr       = rosenbrock_posdef
 **************************************************************************
 *** START jval: INITIALISATION (jval_read_nml_ctrl)
 Reading namelist 'CTRL' from 'jval.nml' (unit  999 ) ...
  ... OK !
 --------------------------------------------------------------------------
 METHOD                : constant
 CONSTANT              : 170.
 --------------------------------------------------------------------------
 --------------------------------------------------------------------------
 qy_CH3COCH3 =  1
 --------------------------------------------------------------------------
 *** END   jval: INITIALISATION (jval_read_nml_ctrl)
 **************************************************************************
 **************************************************************************
 Input/Output time unit and origin: seconds since 2000-01-01 00:00:00
 Start day  =   80.00000000  (=  6912000.00000000 s)
 End day    =   88.00000000  (=  7603200.00000000 s)
 runtime    =    8.00000000  (=   691200.00000000 s)
 **************************************************************************
 day =   80.0000                     (  0.00% done)
 day =   80.0139    sza = 135.00     (  0.17% done)
 day =   80.0278    sza = 134.78     (  0.35% done)
 day =   80.0417    sza = 134.12     (  0.52% done)
 day =   80.0556    sza = 133.06     (  0.69% done)
 day =   80.0694    sza = 131.62     (  0.87% done)
 day =   80.0833    sza = 129.83     (  1.04% done)
 day =   80.0972    sza = 127.73     (  1.22% done)
 day =   80.1111    sza = 125.36     (  1.39% done)
 day =   80.1250    sza = 122.76     (  1.56% done)
 day =   80.1389    sza = 119.96     (  1.74% done)
 day =   80.1528    sza = 116.99     (  1.91% done)
 day =   80.1667    sza = 113.88     (  2.08% done)
 day =   80.1806    sza = 110.65     (  2.26% done)
 day =   80.1944    sza = 107.33     (  2.43% done)
 day =   80.2083    sza = 103.94     (  2.60% done)
 day =   80.2222    sza = 100.48     (  2.78% done)
 day =   80.2361    sza =  96.99     (  2.95% done)
 day =   80.2500    sza =  93.47     (  3.12% done)
 day =   80.2639    sza =  89.93     (  3.30% done)
 day =   80.2778    sza =  86.39     (  3.47% done)
 day =   80.2917    sza =  82.87     (  3.65% done)
 day =   80.3056    sza =  79.37     (  3.82% done)
 day =   80.3194    sza =  75.91     (  3.99% done)
 day =   80.3333    sza =  72.52     (  4.17% done)
 day =   80.3472    sza =  69.19     (  4.34% done)
 day =   80.3611    sza =  65.96     (  4.51% done)
 day =   80.3750    sza =  62.85     (  4.69% done)
 day =   80.3889    sza =  59.88     (  4.86% done)
 day =   80.4028    sza =  57.07     (  5.03% done)
 day =   80.4167    sza =  54.46     (  5.21% done)
 day =   80.4306    sza =  52.09     (  5.38% done)
 day =   80.4444    sza =  49.98     (  5.56% done)
 day =   80.4583    sza =  48.19     (  5.73% done)
 day =   80.4722    sza =  46.74     (  5.90% done)
 day =   80.4861    sza =  45.68     (  6.08% done)
 day =   80.5000    sza =  45.02     (  6.25% done)
 day =   80.5139    sza =  44.80     (  6.42% done)
 day =   80.5278    sza =  45.01     (  6.60% done)
 day =   80.5417    sza =  45.65     (  6.77% done)
 day =   80.5556    sza =  46.71     (  6.94% done)
 day =   80.5694    sza =  48.15     (  7.12% done)
 day =   80.5833    sza =  49.93     (  7.29% done)
 day =   80.5972    sza =  52.03     (  7.47% done)
 day =   80.6111    sza =  54.39     (  7.64% done)
 day =   80.6250    sza =  57.00     (  7.81% done)
 day =   80.6389    sza =  59.79     (  7.99% done)
 day =   80.6528    sza =  62.76     (  8.16% done)
 day =   80.6667    sza =  65.87     (  8.33% done)
 day =   80.6806    sza =  69.09     (  8.51% done)
 day =   80.6944    sza =  72.41     (  8.68% done)
 day =   80.7083    sza =  75.80     (  8.85% done)
 day =   80.7222    sza =  79.25     (  9.03% done)
 day =   80.7361    sza =  82.74     (  9.20% done)
 day =   80.7500    sza =  86.26     (  9.38% done)
 day =   80.7639    sza =  89.79     (  9.55% done)
 day =   80.7778    sza =  93.32     (  9.72% done)
 day =   80.7917    sza =  96.83     (  9.90% done)
 day =   80.8056    sza = 100.32     ( 10.07% done)
 day =   80.8194    sza = 103.76     ( 10.24% done)
 day =   80.8333    sza = 107.14     ( 10.42% done)
 day =   80.8472    sza = 110.45     ( 10.59% done)
 day =   80.8611    sza = 113.66     ( 10.76% done)
 day =   80.8750    sza = 116.76     ( 10.94% done)
 day =   80.8889    sza = 119.71     ( 11.11% done)
 day =   80.9028    sza = 122.50     ( 11.28% done)
 day =   80.9167    sza = 125.08     ( 11.46% done)
 day =   80.9306    sza = 127.43     ( 11.63% done)
 day =   80.9444    sza = 129.51     ( 11.81% done)
 day =   80.9583    sza = 131.28     ( 11.98% done)
 day =   80.9722    sza = 132.71     ( 12.15% done)
 day =   80.9861    sza = 133.75     ( 12.33% done)
 day =   81.0000    sza = 134.39     ( 12.50% done)
 day =   81.0139    sza = 134.60     ( 12.67% done)
 day =   81.0278    sza = 134.38     ( 12.85% done)
 day =   81.0417    sza = 133.73     ( 13.02% done)
 day =   81.0556    sza = 132.67     ( 13.19% done)
 day =   81.0694    sza = 131.24     ( 13.37% done)
 day =   81.0833    sza = 129.46     ( 13.54% done)
 day =   81.0972    sza = 127.37     ( 13.72% done)
 day =   81.1111    sza = 125.01     ( 13.89% done)
 day =   81.1250    sza = 122.42     ( 14.06% done)
 day =   81.1389    sza = 119.63     ( 14.24% done)
 day =   81.1528    sza = 116.67     ( 14.41% done)
 day =   81.1667    sza = 113.57     ( 14.58% done)
 day =   81.1806    sza = 110.35     ( 14.76% done)
 day =   81.1944    sza = 107.03     ( 14.93% done)
 day =   81.2083    sza = 103.64     ( 15.10% done)
 day =   81.2222    sza = 100.19     ( 15.28% done)
 day =   81.2361    sza =  96.70     ( 15.45% done)
 day =   81.2500    sza =  93.18     ( 15.62% done)
 day =   81.2639    sza =  89.64     ( 15.80% done)
 day =   81.2778    sza =  86.11     ( 15.97% done)
 day =   81.2917    sza =  82.58     ( 16.15% done)
 day =   81.3056    sza =  79.08     ( 16.32% done)
 day =   81.3194    sza =  75.62     ( 16.49% done)
 day =   81.3333    sza =  72.22     ( 16.67% done)
 day =   81.3472    sza =  68.89     ( 16.84% done)
 day =   81.3611    sza =  65.65     ( 17.01% done)
 day =   81.3750    sza =  62.53     ( 17.19% done)
 day =   81.3889    sza =  59.55     ( 17.36% done)
 day =   81.4028    sza =  56.73     ( 17.53% done)
 day =   81.4167    sza =  54.11     ( 17.71% done)
 day =   81.4306    sza =  51.73     ( 17.88% done)
 day =   81.4444    sza =  49.61     ( 18.06% done)
 day =   81.4583    sza =  47.81     ( 18.23% done)
 day =   81.4722    sza =  46.35     ( 18.40% done)
 day =   81.4861    sza =  45.28     ( 18.58% done)
 day =   81.5000    sza =  44.62     ( 18.75% done)
 day =   81.5139    sza =  44.40     ( 18.92% done)
 day =   81.5278    sza =  44.61     ( 19.10% done)
 day =   81.5417    sza =  45.26     ( 19.27% done)
 day =   81.5556    sza =  46.32     ( 19.44% done)
 day =   81.5694    sza =  47.77     ( 19.62% done)
 day =   81.5833    sza =  49.56     ( 19.79% done)
 day =   81.5972    sza =  51.67     ( 19.97% done)
 day =   81.6111    sza =  54.05     ( 20.14% done)
 day =   81.6250    sza =  56.66     ( 20.31% done)
 day =   81.6389    sza =  59.47     ( 20.49% done)
 day =   81.6528    sza =  62.44     ( 20.66% done)
 day =   81.6667    sza =  65.56     ( 20.83% done)
 day =   81.6806    sza =  68.79     ( 21.01% done)
 day =   81.6944    sza =  72.11     ( 21.18% done)
 day =   81.7083    sza =  75.51     ( 21.35% done)
 day =   81.7222    sza =  78.96     ( 21.53% done)
 day =   81.7361    sza =  82.45     ( 21.70% done)
 day =   81.7500    sza =  85.97     ( 21.88% done)
 day =   81.7639    sza =  89.50     ( 22.05% done)
 day =   81.7778    sza =  93.03     ( 22.22% done)
 day =   81.7917    sza =  96.54     ( 22.40% done)
 day =   81.8056    sza = 100.03     ( 22.57% done)
 day =   81.8194    sza = 103.46     ( 22.74% done)
 day =   81.8333    sza = 106.84     ( 22.92% done)
 day =   81.8472    sza = 110.15     ( 23.09% done)
 day =   81.8611    sza = 113.35     ( 23.26% done)
 day =   81.8750    sza = 116.44     ( 23.44% done)
 day =   81.8889    sza = 119.38     ( 23.61% done)
 day =   81.9028    sza = 122.16     ( 23.78% done)
 day =   81.9167    sza = 124.73     ( 23.96% done)
 day =   81.9306    sza = 127.07     ( 24.13% done)
 day =   81.9444    sza = 129.14     ( 24.31% done)
 day =   81.9583    sza = 130.90     ( 24.48% done)
 day =   81.9722    sza = 132.31     ( 24.65% done)
 day =   81.9861    sza = 133.35     ( 24.83% done)
 day =   82.0000    sza = 133.98     ( 25.00% done)
 day =   82.0139    sza = 134.19     ( 25.17% done)
 day =   82.0278    sza = 133.97     ( 25.35% done)
 day =   82.0417    sza = 133.33     ( 25.52% done)
 day =   82.0556    sza = 132.28     ( 25.69% done)
 day =   82.0694    sza = 130.86     ( 25.87% done)
 day =   82.0833    sza = 129.09     ( 26.04% done)
 day =   82.0972    sza = 127.01     ( 26.22% done)
 day =   82.1111    sza = 124.66     ( 26.39% done)
 day =   82.1250    sza = 122.08     ( 26.56% done)
 day =   82.1389    sza = 119.30     ( 26.74% done)
 day =   82.1528    sza = 116.35     ( 26.91% done)
 day =   82.1667    sza = 113.25     ( 27.08% done)
 day =   82.1806    sza = 110.04     ( 27.26% done)
 day =   82.1944    sza = 106.74     ( 27.43% done)
 day =   82.2083    sza = 103.35     ( 27.60% done)
 day =   82.2222    sza =  99.90     ( 27.78% done)
 day =   82.2361    sza =  96.41     ( 27.95% done)
 day =   82.2500    sza =  92.89     ( 28.12% done)
 day =   82.2639    sza =  89.36     ( 28.30% done)
 day =   82.2778    sza =  85.82     ( 28.47% done)
 day =   82.2917    sza =  82.29     ( 28.65% done)
 day =   82.3056    sza =  78.79     ( 28.82% done)
 day =   82.3194    sza =  75.33     ( 28.99% done)
 day =   82.3333    sza =  71.92     ( 29.17% done)
 day =   82.3472    sza =  68.59     ( 29.34% done)
 day =   82.3611    sza =  65.34     ( 29.51% done)
 day =   82.3750    sza =  62.21     ( 29.69% done)
 day =   82.3889    sza =  59.22     ( 29.86% done)
 day =   82.4028    sza =  56.39     ( 30.03% done)
 day =   82.4167    sza =  53.76     ( 30.21% done)
 day =   82.4306    sza =  51.37     ( 30.38% done)
 day =   82.4444    sza =  49.24     ( 30.56% done)
 day =   82.4583    sza =  47.43     ( 30.73% done)
 day =   82.4722    sza =  45.96     ( 30.90% done)
 day =   82.4861    sza =  44.88     ( 31.08% done)
 day =   82.5000    sza =  44.22     ( 31.25% done)
 day =   82.5139    sza =  43.99     ( 31.42% done)
 day =   82.5278    sza =  44.21     ( 31.60% done)
 day =   82.5417    sza =  44.86     ( 31.77% done)
 day =   82.5556    sza =  45.93     ( 31.94% done)
 day =   82.5694    sza =  47.38     ( 32.12% done)
 day =   82.5833    sza =  49.19     ( 32.29% done)
 day =   82.5972    sza =  51.31     ( 32.47% done)
 day =   82.6111    sza =  53.70     ( 32.64% done)
 day =   82.6250    sza =  56.32     ( 32.81% done)
 day =   82.6389    sza =  59.14     ( 32.99% done)
 day =   82.6528    sza =  62.12     ( 33.16% done)
 day =   82.6667    sza =  65.25     ( 33.33% done)
 day =   82.6806    sza =  68.48     ( 33.51% done)
 day =   82.6944    sza =  71.81     ( 33.68% done)
 day =   82.7083    sza =  75.21     ( 33.85% done)
 day =   82.7222    sza =  78.67     ( 34.03% done)
 day =   82.7361    sza =  82.17     ( 34.20% done)
 day =   82.7500    sza =  85.69     ( 34.38% done)
 day =   82.7639    sza =  89.22     ( 34.55% done)
